warning: Git tree '/home/runner/work/nixos.den/nixos.den' is dirty
these 8 derivations will be built:
  /nix/store/2p66xg5yqldaiwl40hfmdmah6a777iw6-hm_..zshrc.drv
  /nix/store/0b6nm5yn5qj8616hh88dr5wx04mfbqq6-home-manager-files.drv
  /nix/store/bgb6y58817nkgf0szywvgh98a8rbj5gf-home-manager-generation.drv
  /nix/store/bh1zl64l2zcizr2sm1qfxn06nz6ksxcj-unit-home-manager-espdesign.service.drv
  /nix/store/52yrmrx0c792y185mdp9sg28dbd06rf6-system-units.drv
  /nix/store/svqwjrvhd4wrg0xgbk6p11sffpxz07p9-etc.drv
  /nix/store/f48ygbswp3kay2qdwlpi68iak92nlbqd-activate.drv
  /nix/store/g5h8y2aiss5dz6qv7nhvhdqcyvc7wa1w-nixos-system-valako-26.05.20260511.c6e5ca3.drv
these 88 paths will be fetched (29.30 MiB download, 50.04 MiB unpacked):
  /nix/store/pdqa8lz965ss3m9bg81cv1q77drinzj0-X-Restart-Triggers-dbus-broker
  /nix/store/l9bqc1zfi908v3fk9gmbr8nxdg3fp0sh-X-Restart-Triggers-dhcpcd
  /nix/store/6qw10c4rrbl4b2czpx5sgs22mdwid5p4-X-Restart-Triggers-systemd-modules-load
  /nix/store/grxl182b3ivpz2zvmh0xlli0iw5mawli-X-Restart-Triggers-systemd-tmpfiles-resetup
  /nix/store/5dzch2s571zjjfb3ww2srxsj9gjzgrsp-X-Restart-Triggers-systemd-udevd
  /nix/store/vysj57vy99hlpv1fg8fgrrgzmmsckddr-activation-script
  /nix/store/i2h0kyns3jiz718xi707qn95dqf9ybn6-boot.json
  /nix/store/v15zqcicsf411rknxd3fmczidqivcg0j-chfn.pam
  /nix/store/3l6s7lbzl8rswr83ns96rnnn64rcbmi7-chpasswd.pam
  /nix/store/hjpsnsxvci72hyyjq0bj47xwl97lnqgh-chsh.pam
  /nix/store/f0hyhhkk121182b8880wnm8l2z3y7l9k-dbus-1
  /nix/store/5am072v7kpybxxb3r1ar5s1rg0y340f0-dhcpcd.conf
  /nix/store/gix2005k0g93dr70kyw5wzn7qs7qky8q-dry-activate
  /nix/store/59ia1ay5lm9dqk4glq5r2717n0acwnyy-ensure-all-wrappers-paths-exist
  /nix/store/y1zlfsbprmy17hmzdbvl3iic6q3lslcl-etc-bashrc
  /nix/store/8gvgvxb2wklhs4lgb0k2q9ab8cpdip0a-etc-dhcpcd.exit-hook
  /nix/store/9xb6ns9avx68npwmx1f3s4bacxdjvnkz-etc-fstab
  /nix/store/wvjxf1w8g6plmwvzvi9bbf9kw3l3gld2-etc-hostname
  /nix/store/nhgwmrb23399rfmcxap038m6gmnjydc0-etc-modprobe.d-firmware.conf
  /nix/store/wwpzsx6q34bn4avi1nc4kvjd8x4lshpy-etc-modprobe.d-nixos.conf
  /nix/store/0mj3mh6ljya8428a7lc144vppajb2shw-etc-nsswitch.conf
  /nix/store/cp9zl6bazcs4maqcsmy8z98dbj8lf3xi-etc-pam-environment
  /nix/store/p98y3mqdx2wjcsbqmmqx1w5317jx5yq2-etc-profile
  /nix/store/yhrdyh43c0qjva01qqqlv9228l6f4317-etc-zshenv
  /nix/store/69im4dypykpi767k6aq8nprb0cwlnjs2-etc-zshrc
  /nix/store/47nmrnpgsblfzx5h4gz0swzcai962a91-fc-00-nixos-cache.conf
  /nix/store/3vlgb5xjhqjl2xpz5rmy6bdyx38jjqk8-fc-cache
  /nix/store/vmw5q9zgkrqgb7p7jya6y10ccpddrbnv-firewall-reload
  /nix/store/zysv7hmc4hpfgnhssfczcin7xarngyhy-firewall-start
  /nix/store/b97cqw3cjj5z6ym1z901lnm2jqf19719-firmware
  /nix/store/a7znz35d37qsfbrfhf30al6jdkcpgqac-fontconfig-conf
  /nix/store/49y92abq4vk0kpx87bb64gk92m4npbas-fontconfig-etc
  /nix/store/fjgc86y6mlcn4rf71xhwk2skrhdvvf9f-groupadd.pam
  /nix/store/53sxr02f5b267kyzbry236dp4a28aywa-groupdel.pam
  /nix/store/2d648i8ra5hbajyn2z9hxnq57gxni09h-groupmems.pam
  /nix/store/pswwi71g7nknvq51ak3fp2af7n9ha0ql-groupmod.pam
  /nix/store/myf0sfiddgzdfczcmdls9508py5490lm-hm_batconfig
  /nix/store/r2wpwhcf1wlpay7cfvx32gq5pji8ng8w-hm_dockercompose.yml
  /nix/store/53vlk2iinrk64m3l4iijyfsidc03kyqc-hm_fontconfigconf.d10hmfonts.conf
  /nix/store/26bwscg23x36dbz2q4l93z55z072gz2v-hm_gitconfig
  /nix/store/8lm1ypq7x7lbwkwsw7y9hb834a4v147i-home-manager-path
  /nix/store/ifj7z23y5dgivnakrr7kpbckqf0nvprp-hostname
  /nix/store/ny29flb22yxjfasj7lgi6sv10zi8yaab-hosts
  /nix/store/g752zgis867s94ms0vf1mpqbr2pzjabq-hwdb.bin
  /nix/store/r8s28ggq3k18haag8y752swzsqf0i652-initrd-linux-6.18.28
  /nix/store/zl5xz38b2r8kpgpbgivl6k1a1bxq5ji1-linux-6.18.28-modules
  /nix/store/5fa5q73i8s0x4fiq7sy5raw5vmmdlg02-login.pam
  /nix/store/xfpvdp403g7ixcp1db9zxby7i4rbmzr5-migrate-dhcpcd
  /nix/store/vfg7v4c74895wycx62p0gz964abqkdk1-nixos-generate-config
  /nix/store/y2j7c4l7d43cwx348zy6k9mqbgmbygm6-nixos-tmpfiles.d
  /nix/store/64jlqf6qxq50a5pqm9ir8hynqsjxcmzg-nixos.conf
  /nix/store/0niaz08nralg0ppw1li6kznqgrzfzs0h-passwd.pam
  /nix/store/krkkwq8a314sidk0jkdk34ygv7b9gx12-runuser-l.pam
  /nix/store/ar2abfrrfg0h0283giy8yj42ldrl9jb7-runuser.pam
  /nix/store/sfizf1l0fpr9kbwzd3wvglcsw8ajhawx-set-environment
  /nix/store/cnzwi36jpncxkhan06l7hw7ls4mz0zc4-sshd.pam
  /nix/store/z183iw3j366pryk4wx2q5f0fy9rzdpqy-su.pam
  /nix/store/hpv2j868b9awfdj4hf6ijhfsf33y4wg3-sudo.pam
  /nix/store/p6lmba9jskhjcb8xqnhh5gifvp4y6wda-system-generators
  /nix/store/jhhpp7pfzlk9xc8zmw4ynycyinmibz90-system-path
  /nix/store/dsymairf0ixcbpmhajqi73l1s3axp6z5-system-shutdown
  /nix/store/kc4jm5ryyzdny8qzyy1a004k9rxdry11-systemd-user.pam
  /nix/store/z2ka3p9b6j9jcwhxbh1pd4381g79qsvi-tmpfiles.d
  /nix/store/5r211p189kwk3crpvp45fbaqz9ipnjny-udev-rules
  /nix/store/kdik22ak9z13h05ghdkrn042as7v1qpk-unit-dbus-broker.service
  /nix/store/kn8rcgc1s2p2y8ah3zdfxxilcq57ipk5-unit-dbus-broker.service
  /nix/store/vqzz38ss0281gmh2ga2swj9nccaifbgc-unit-dhcpcd.service
  /nix/store/v7m4cfm4phvflfql8nbziicas9rz6m1l-unit-firewall.service
  /nix/store/az32xnfs7vb1y87s6wqx0yjikksi7rrp-unit-getty.target
  /nix/store/28rzcf2m0sday1ncn807xfnw37nzlask-unit-nscd.service
  /nix/store/w18wsy3j1dn2bykqy18bj9l9gd4a62z2-unit-script-sleep-actions-pre-stop
  /nix/store/q80ssll49gdb7nv547ks0kfidhc6lwfa-unit-script-suid-sgid-wrappers-start
  /nix/store/qfj0in958sp031zbaf2l75m486wa7v3g-unit-sleep-actions.service
  /nix/store/ivpgv91wix5l5q9g4ys32c1qiiabwxpk-unit-sshd-.service
  /nix/store/gvml9k15k2vfqdj61wmpq0vn6ar6nrlw-unit-sshd.service
  /nix/store/wwix24c4dyyp10n4kp87p7r2y2y1py2g-unit-suid-sgid-wrappers.service
  /nix/store/3w3hxdma8hf60d3f18vma40cmil4lzlp-unit-systemd-modules-load.service
  /nix/store/98y56g955z26k4mp48r2rqxvdgdmhs93-unit-systemd-timesyncd.service
  /nix/store/q1w550mi3vgqlacy6ysq4d9s2819qlq9-unit-systemd-tmpfiles-resetup.service
  /nix/store/06gj9pscjnnkf2xb4frdady73z45vpkc-unit-systemd-udevd.service
  /nix/store/kj4d7jbx7xjd8abhpd8qxxc2xi2lw0pq-user-environment
  /nix/store/7xal3hzhm9xk1py7xihxla47qxxgfj49-user-generators
  /nix/store/89dgmmkf5ml2cpmim1yr321yddp80s83-user-units
  /nix/store/bjhzl6qyqdfymsx630qach2bcy94nla9-useradd.pam
  /nix/store/wyf54jlbr359zbqvhjn1gnar5drdn4lk-userdel.pam
  /nix/store/bw0q53rlcxn08bbc9m7ix4fiiwc6wkid-usermod.pam
  /nix/store/6lsmxy6r4af9ciccziwjlhgxqm911i47-users-groups.json
  /nix/store/c54hvdpm2cmhs1l9nca4l7a165spm8k7-vlock.pam
copying path '/nix/store/59ia1ay5lm9dqk4glq5r2717n0acwnyy-ensure-all-wrappers-paths-exist' from 'https://cache.nixos.org'...
copying path '/nix/store/b97cqw3cjj5z6ym1z901lnm2jqf19719-firmware' from 'https://cache.nixos.org'...
copying path '/nix/store/r8s28ggq3k18haag8y752swzsqf0i652-initrd-linux-6.18.28' from 'https://espdesign.cachix.org'...
copying path '/nix/store/6lsmxy6r4af9ciccziwjlhgxqm911i47-users-groups.json' from 'https://espdesign.cachix.org'...
copying path '/nix/store/zl5xz38b2r8kpgpbgivl6k1a1bxq5ji1-linux-6.18.28-modules' from 'https://cache.nixos.org'...
copying path '/nix/store/8gvgvxb2wklhs4lgb0k2q9ab8cpdip0a-etc-dhcpcd.exit-hook' from 'https://cache.nixos.org'...
copying path '/nix/store/9xb6ns9avx68npwmx1f3s4bacxdjvnkz-etc-fstab' from 'https://espdesign.cachix.org'...
copying path '/nix/store/wvjxf1w8g6plmwvzvi9bbf9kw3l3gld2-etc-hostname' from 'https://espdesign.cachix.org'...
copying path '/nix/store/wwpzsx6q34bn4avi1nc4kvjd8x4lshpy-etc-modprobe.d-nixos.conf' from 'https://cache.nixos.org'...
copying path '/nix/store/cp9zl6bazcs4maqcsmy8z98dbj8lf3xi-etc-pam-environment' from 'https://espdesign.cachix.org'...
copying path '/nix/store/0mj3mh6ljya8428a7lc144vppajb2shw-etc-nsswitch.conf' from 'https://cache.nixos.org'...
copying path '/nix/store/ny29flb22yxjfasj7lgi6sv10zi8yaab-hosts' from 'https://espdesign.cachix.org'...
copying path '/nix/store/g752zgis867s94ms0vf1mpqbr2pzjabq-hwdb.bin' from 'https://cache.nixos.org'...
copying path '/nix/store/vfg7v4c74895wycx62p0gz964abqkdk1-nixos-generate-config' from 'https://cache.nixos.org'...
copying path '/nix/store/64jlqf6qxq50a5pqm9ir8hynqsjxcmzg-nixos.conf' from 'https://cache.nixos.org'...
copying path '/nix/store/p6lmba9jskhjcb8xqnhh5gifvp4y6wda-system-generators' from 'https://cache.nixos.org'...
building '/nix/store/2p66xg5yqldaiwl40hfmdmah6a777iw6-hm_..zshrc.drv'...
copying path '/nix/store/l9bqc1zfi908v3fk9gmbr8nxdg3fp0sh-X-Restart-Triggers-dhcpcd' from 'https://cache.nixos.org'...
copying path '/nix/store/v15zqcicsf411rknxd3fmczidqivcg0j-chfn.pam' from 'https://cache.nixos.org'...
copying path '/nix/store/y1zlfsbprmy17hmzdbvl3iic6q3lslcl-etc-bashrc' from 'https://cache.nixos.org'...
copying path '/nix/store/5am072v7kpybxxb3r1ar5s1rg0y340f0-dhcpcd.conf' from 'https://cache.nixos.org'...
copying path '/nix/store/vysj57vy99hlpv1fg8fgrrgzmmsckddr-activation-script' from 'https://espdesign.cachix.org'...
copying path '/nix/store/3l6s7lbzl8rswr83ns96rnnn64rcbmi7-chpasswd.pam' from 'https://cache.nixos.org'...
copying path '/nix/store/hjpsnsxvci72hyyjq0bj47xwl97lnqgh-chsh.pam' from 'https://cache.nixos.org'...
copying path '/nix/store/3vlgb5xjhqjl2xpz5rmy6bdyx38jjqk8-fc-cache' from 'https://cache.nixos.org'...
copying path '/nix/store/69im4dypykpi767k6aq8nprb0cwlnjs2-etc-zshrc' from 'https://espdesign.cachix.org'...
copying path '/nix/store/53sxr02f5b267kyzbry236dp4a28aywa-groupdel.pam' from 'https://cache.nixos.org'...
copying path '/nix/store/2d648i8ra5hbajyn2z9hxnq57gxni09h-groupmems.pam' from 'https://cache.nixos.org'...
copying path '/nix/store/zysv7hmc4hpfgnhssfczcin7xarngyhy-firewall-start' from 'https://espdesign.cachix.org'...
copying path '/nix/store/fjgc86y6mlcn4rf71xhwk2skrhdvvf9f-groupadd.pam' from 'https://cache.nixos.org'...
copying path '/nix/store/pswwi71g7nknvq51ak3fp2af7n9ha0ql-groupmod.pam' from 'https://cache.nixos.org'...
copying path '/nix/store/myf0sfiddgzdfczcmdls9508py5490lm-hm_batconfig' from 'https://espdesign.cachix.org'...
copying path '/nix/store/6qw10c4rrbl4b2czpx5sgs22mdwid5p4-X-Restart-Triggers-systemd-modules-load' from 'https://cache.nixos.org'...
copying path '/nix/store/gix2005k0g93dr70kyw5wzn7qs7qky8q-dry-activate' from 'https://espdesign.cachix.org'...
copying path '/nix/store/nhgwmrb23399rfmcxap038m6gmnjydc0-etc-modprobe.d-firmware.conf' from 'https://cache.nixos.org'...
copying path '/nix/store/r2wpwhcf1wlpay7cfvx32gq5pji8ng8w-hm_dockercompose.yml' from 'https://espdesign.cachix.org'...
copying path '/nix/store/26bwscg23x36dbz2q4l93z55z072gz2v-hm_gitconfig' from 'https://espdesign.cachix.org'...
copying path '/nix/store/8lm1ypq7x7lbwkwsw7y9hb834a4v147i-home-manager-path' from 'https://espdesign.cachix.org'...
copying path '/nix/store/ifj7z23y5dgivnakrr7kpbckqf0nvprp-hostname' from 'https://cache.nixos.org'...
copying path '/nix/store/47nmrnpgsblfzx5h4gz0swzcai962a91-fc-00-nixos-cache.conf' from 'https://cache.nixos.org'...
copying path '/nix/store/5fa5q73i8s0x4fiq7sy5raw5vmmdlg02-login.pam' from 'https://cache.nixos.org'...
copying path '/nix/store/xfpvdp403g7ixcp1db9zxby7i4rbmzr5-migrate-dhcpcd' from 'https://cache.nixos.org'...
copying path '/nix/store/y2j7c4l7d43cwx348zy6k9mqbgmbygm6-nixos-tmpfiles.d' from 'https://cache.nixos.org'...
copying path '/nix/store/0niaz08nralg0ppw1li6kznqgrzfzs0h-passwd.pam' from 'https://cache.nixos.org'...
copying path '/nix/store/krkkwq8a314sidk0jkdk34ygv7b9gx12-runuser-l.pam' from 'https://cache.nixos.org'...
copying path '/nix/store/ar2abfrrfg0h0283giy8yj42ldrl9jb7-runuser.pam' from 'https://cache.nixos.org'...
copying path '/nix/store/sfizf1l0fpr9kbwzd3wvglcsw8ajhawx-set-environment' from 'https://espdesign.cachix.org'...
copying path '/nix/store/a7znz35d37qsfbrfhf30al6jdkcpgqac-fontconfig-conf' from 'https://cache.nixos.org'...
copying path '/nix/store/cnzwi36jpncxkhan06l7hw7ls4mz0zc4-sshd.pam' from 'https://cache.nixos.org'...
copying path '/nix/store/z183iw3j366pryk4wx2q5f0fy9rzdpqy-su.pam' from 'https://cache.nixos.org'...
copying path '/nix/store/hpv2j868b9awfdj4hf6ijhfsf33y4wg3-sudo.pam' from 'https://cache.nixos.org'...
copying path '/nix/store/jhhpp7pfzlk9xc8zmw4ynycyinmibz90-system-path' from 'https://espdesign.cachix.org'...
copying path '/nix/store/dsymairf0ixcbpmhajqi73l1s3axp6z5-system-shutdown' from 'https://cache.nixos.org'...
copying path '/nix/store/kc4jm5ryyzdny8qzyy1a004k9rxdry11-systemd-user.pam' from 'https://cache.nixos.org'...
copying path '/nix/store/z2ka3p9b6j9jcwhxbh1pd4381g79qsvi-tmpfiles.d' from 'https://cache.nixos.org'...
copying path '/nix/store/49y92abq4vk0kpx87bb64gk92m4npbas-fontconfig-etc' from 'https://cache.nixos.org'...
copying path '/nix/store/5r211p189kwk3crpvp45fbaqz9ipnjny-udev-rules' from 'https://cache.nixos.org'...
copying path '/nix/store/vqzz38ss0281gmh2ga2swj9nccaifbgc-unit-dhcpcd.service' from 'https://cache.nixos.org'...
copying path '/nix/store/az32xnfs7vb1y87s6wqx0yjikksi7rrp-unit-getty.target' from 'https://cache.nixos.org'...
copying path '/nix/store/28rzcf2m0sday1ncn807xfnw37nzlask-unit-nscd.service' from 'https://cache.nixos.org'...
copying path '/nix/store/w18wsy3j1dn2bykqy18bj9l9gd4a62z2-unit-script-sleep-actions-pre-stop' from 'https://cache.nixos.org'...
copying path '/nix/store/q80ssll49gdb7nv547ks0kfidhc6lwfa-unit-script-suid-sgid-wrappers-start' from 'https://cache.nixos.org'...
copying path '/nix/store/grxl182b3ivpz2zvmh0xlli0iw5mawli-X-Restart-Triggers-systemd-tmpfiles-resetup' from 'https://cache.nixos.org'...
copying path '/nix/store/5dzch2s571zjjfb3ww2srxsj9gjzgrsp-X-Restart-Triggers-systemd-udevd' from 'https://cache.nixos.org'...
copying path '/nix/store/ivpgv91wix5l5q9g4ys32c1qiiabwxpk-unit-sshd-.service' from 'https://cache.nixos.org'...
copying path '/nix/store/gvml9k15k2vfqdj61wmpq0vn6ar6nrlw-unit-sshd.service' from 'https://espdesign.cachix.org'...
copying path '/nix/store/qfj0in958sp031zbaf2l75m486wa7v3g-unit-sleep-actions.service' from 'https://cache.nixos.org'...
copying path '/nix/store/wwix24c4dyyp10n4kp87p7r2y2y1py2g-unit-suid-sgid-wrappers.service' from 'https://cache.nixos.org'...
copying path '/nix/store/3w3hxdma8hf60d3f18vma40cmil4lzlp-unit-systemd-modules-load.service' from 'https://cache.nixos.org'...
copying path '/nix/store/98y56g955z26k4mp48r2rqxvdgdmhs93-unit-systemd-timesyncd.service' from 'https://cache.nixos.org'...
copying path '/nix/store/06gj9pscjnnkf2xb4frdady73z45vpkc-unit-systemd-udevd.service' from 'https://cache.nixos.org'...
copying path '/nix/store/q1w550mi3vgqlacy6ysq4d9s2819qlq9-unit-systemd-tmpfiles-resetup.service' from 'https://cache.nixos.org'...
copying path '/nix/store/7xal3hzhm9xk1py7xihxla47qxxgfj49-user-generators' from 'https://cache.nixos.org'...
copying path '/nix/store/bjhzl6qyqdfymsx630qach2bcy94nla9-useradd.pam' from 'https://cache.nixos.org'...
copying path '/nix/store/wyf54jlbr359zbqvhjn1gnar5drdn4lk-userdel.pam' from 'https://cache.nixos.org'...
copying path '/nix/store/bw0q53rlcxn08bbc9m7ix4fiiwc6wkid-usermod.pam' from 'https://cache.nixos.org'...
copying path '/nix/store/c54hvdpm2cmhs1l9nca4l7a165spm8k7-vlock.pam' from 'https://cache.nixos.org'...
copying path '/nix/store/vmw5q9zgkrqgb7p7jya6y10ccpddrbnv-firewall-reload' from 'https://espdesign.cachix.org'...
copying path '/nix/store/p98y3mqdx2wjcsbqmmqx1w5317jx5yq2-etc-profile' from 'https://espdesign.cachix.org'...
copying path '/nix/store/yhrdyh43c0qjva01qqqlv9228l6f4317-etc-zshenv' from 'https://espdesign.cachix.org'...
copying path '/nix/store/53vlk2iinrk64m3l4iijyfsidc03kyqc-hm_fontconfigconf.d10hmfonts.conf' from 'https://espdesign.cachix.org'...
copying path '/nix/store/kj4d7jbx7xjd8abhpd8qxxc2xi2lw0pq-user-environment' from 'https://espdesign.cachix.org'...
copying path '/nix/store/v7m4cfm4phvflfql8nbziicas9rz6m1l-unit-firewall.service' from 'https://espdesign.cachix.org'...
copying path '/nix/store/i2h0kyns3jiz718xi707qn95dqf9ybn6-boot.json' from 'https://espdesign.cachix.org'...
building '/nix/store/0b6nm5yn5qj8616hh88dr5wx04mfbqq6-home-manager-files.drv'...
copying path '/nix/store/f0hyhhkk121182b8880wnm8l2z3y7l9k-dbus-1' from 'https://espdesign.cachix.org'...
building '/nix/store/bgb6y58817nkgf0szywvgh98a8rbj5gf-home-manager-generation.drv'...
copying path '/nix/store/pdqa8lz965ss3m9bg81cv1q77drinzj0-X-Restart-Triggers-dbus-broker' from 'https://espdesign.cachix.org'...
building '/nix/store/bh1zl64l2zcizr2sm1qfxn06nz6ksxcj-unit-home-manager-espdesign.service.drv'...
copying path '/nix/store/kdik22ak9z13h05ghdkrn042as7v1qpk-unit-dbus-broker.service' from 'https://espdesign.cachix.org'...
copying path '/nix/store/kn8rcgc1s2p2y8ah3zdfxxilcq57ipk5-unit-dbus-broker.service' from 'https://espdesign.cachix.org'...
building '/nix/store/52yrmrx0c792y185mdp9sg28dbd06rf6-system-units.drv'...
copying path '/nix/store/89dgmmkf5ml2cpmim1yr321yddp80s83-user-units' from 'https://espdesign.cachix.org'...
building '/nix/store/svqwjrvhd4wrg0xgbk6p11sffpxz07p9-etc.drv'...
building '/nix/store/f48ygbswp3kay2qdwlpi68iak92nlbqd-activate.drv'...
building '/nix/store/g5h8y2aiss5dz6qv7nhvhdqcyvc7wa1w-nixos-system-valako-26.05.20260511.c6e5ca3.drv'...
