warning: Git tree '/home/runner/work/nixos.den/nixos.den' is dirty
these 11 derivations will be built:
  /nix/store/zfziqs62wayz58ys5bgwap7l1xdmaca7-home-manager-path.drv
  /nix/store/c4zilx5199z3bv9lc6w8gd3mipiscj4m-user-environment.drv
  /nix/store/7x9l62309jpv2l3cc2d7pmcfjklnb6z6-hm_fontconfigconf.d10hmfonts.conf.drv
  /nix/store/j155zhk9h8m791qj9ssmfsfcjh6gjw73-hm_..zshrc.drv
  /nix/store/g18npi8wkp3v5y955w907lv7a4irl3mw-home-manager-files.drv
  /nix/store/n71z0i07wm8g1k0pr0600xxafi9plxar-home-manager-generation.drv
  /nix/store/kqsbfxl10gffzq19wskjzl6pm0a2zdii-unit-home-manager-espdesign.service.drv
  /nix/store/x98nfbq7wn5z798slzfxr64bzjyi5j8r-system-units.drv
  /nix/store/4h2gg62znmimim2zxmxwcvlb95c525zx-etc.drv
  /nix/store/iggca9sd391fd5nl1snzqmbmdwha7pgb-activate.drv
  /nix/store/cyjmxh8jnwk16v8gfrjf2kcz649qc00q-nixos-system-kitava-26.05.20260511.c6e5ca3.drv
these 310 paths will be fetched (893.14 MiB download, 3244.00 MiB unpacked):
  /nix/store/vnnas35dig5d6xklj6hwqglkmdsxk5z9-SDL2_image-2.8.8
  /nix/store/hpxbjszw3mqj35kzpzm9dahw864y5h0w-SDL2_mixer-2.8.1
  /nix/store/dhh69i7qdbyry0jbgf5vlqqvva8y07qz-SDL2_ttf-2.24.0
  /nix/store/3lsy9a5gsvpxw25zkmz7gqpv483h8y92-X-Restart-Triggers-dbus-broker
  /nix/store/sgb9bsfl481n6kicpgkfxc6y057ml034-X-Restart-Triggers-polkit
  /nix/store/cj5pzvyr4fdp1hb9jjykxhyhbfxifrxk-X-Restart-Triggers-systemd-modules-load
  /nix/store/53aqk02bkj3c6mj94cb7n374yz5wcnfd-X-Restart-Triggers-systemd-tmpfiles-resetup
  /nix/store/5cwx256kiqirgh5jzx221kacy3a28yqh-X-Restart-Triggers-systemd-udevd
  /nix/store/8wmhcm8fchizqiq99wsarb402rdr3kmb-acEvent.sh
  /nix/store/09ja1ff8p1k7vrq1bc78jbcpjzjr2in0-acpi-events
  /nix/store/pg7hh0hgb17m762dm32325jcs6q7j5y6-acpid-2.0.34
  /nix/store/av4231xnd8jn290gadvnzrv71nixvzl3-appimage-exec.sh
  /nix/store/s9l5mw4lgn70zxz8fhakxh6pvafrl8jd-at-spi2-core-2.58.3
  /nix/store/vzw1rbn696hb6dbwi55lrfrbcs543k7r-avahi-daemon.conf
  /nix/store/lmhv22hrg4pivf6rw4vz3s5iq1llbq48-bash-interactive-5.3p9
  /nix/store/xfq46ax3nx9prfmrpmai7hszfpssbs6r-bash-interactive-5.3p9
  /nix/store/v6b6ygk2vyjky8smv6axq9yxyh9wgbh1-bash-interactive-5.3p9-man
  /nix/store/p2vkw5s89ff1fs2d2rxqxiqil9s0jpcm-binutils-2.46
  /nix/store/97mss3fkxaf0aprk2bllqan9n8cix1sh-binutils-2.46-lib
  /nix/store/8cil56a1qzc5cqr53yiq4x0ip5fgxiq5-boot.json
  /nix/store/nla15v4hn476jhqdxnvbdk6hc54hmia7-chfn.pam
  /nix/store/69h6zwn5msaw860x3f043zglyx93ycm0-chpasswd.pam
  /nix/store/8z05k2w6i2nl3pn5ibccxd3xwvy28qai-chsh.pam
  /nix/store/a6y8s6ks97mvpbxiagh7sa4bam89dbnn-container-init
  /nix/store/2zmb9d88lwjw35ic06392jbpm4hdk98q-cups-2.4.16-lib
  /nix/store/b9apmbkw9f7c92avp8hbfl1545p24b98-cups.pam
  /nix/store/7m3gjql0ab9icnmi6gy4a40556lwhqjn-curl-8.19.0-bin
  /nix/store/z9hjmzrnvmrfcm1ipc5dilv6q2ns2f9v-curl-8.19.0-bin
  /nix/store/0jjd82lixs466kjfb4ffw9p29k7zlzin-curl-8.19.0-man
  /nix/store/k7vwnjl6abzy4daccfpnfpmyywc8ljph-dbus-1
  /nix/store/fj2zzd3ckx7vaiz9mp2q0h7b80nz9mib-dbus-1.16.2
  /nix/store/lix5q9b04wipwy5ghljgfv8rc890w9p2-dbus-glib-0.114
  /nix/store/m7ygnx83kpjjxv6v3rnp2vfk8hqw33h0-dhcpcd-10.3.1
  /nix/store/w9nncfy3g2ikraljrv5rhy12zmvxz2m5-dnsmasq-2.92
  /nix/store/bj09ir5r3s19l2cn991gn0zlkqrc7ih4-dry-activate
  /nix/store/px951878xgjadzszh0si0jrx3w7iiwzh-duktape-2.7.0
  /nix/store/17ym6kz5a5bgzsydb6760pllr5g9npfd-egl-gbm-1.1.3
  /nix/store/q5frpfjiwnsqymgzsfgck5w13bf64aym-egl-gbm-1.1.3
  /nix/store/7shbrnyqqsd7krls59csj1vc6qsi2zsz-egl-wayland-1.1.21
  /nix/store/i3x02nk7kall5sj80h8jlaj68xfq47p0-egl-wayland-1.1.21
  /nix/store/06mgxc4986id0rdndmqsz7b1621n40ka-egl-wayland2-1.0.1
  /nix/store/k9vmhb02070m27736zk1b5x11mr54k48-egl-wayland2-1.0.1
  /nix/store/1q7n2zv362dgyb2da5favqlispbm1icp-egl-x11-1.0.5
  /nix/store/lfrm36aanhvbj9ll4inbba6zw7y7w9dv-egl-x11-1.0.5
  /nix/store/q1rb4c4biydgxvz7jm68nwqk5gss6smc-ensure-all-wrappers-paths-exist
  /nix/store/yk0sjk33lpby50p7pwffjl28dlhjkw4n-etc-fstab
  /nix/store/v3dw2g1z8xk9x5lmh20pbwxlawmqly4j-etc-hostname
  /nix/store/6mppwway0fq83n2dnqrr0scjl4fjbsz2-etc-modprobe.d-firmware.conf
  /nix/store/6ygdai8jzhg181bi6c19vbfgi5qicf3f-etc-modprobe.d-nixos.conf
  /nix/store/k95lm78f96lg906vclpcwk86rb73629s-etc-pam-environment
  /nix/store/w7bkd2a9py6bdwmnwnsd3jldc8a6ji3r-etc-profile
  /nix/store/dnaw9digrl6fq1ndjbpd89d9mm1slwhd-etc-zshenv
  /nix/store/8kjr9sj8rlwkn15p8viigvrya2v1sb3l-etc-zshrc
  /nix/store/d0cjss6qss6pdc13dgjmmvmq98q4mm04-ethtool-6.19
  /nix/store/qpa88b2afz51x25hfnaczrzv17sgzh7k-fhsenv-ensure-gsettings-schemas-directory
  /nix/store/rsp0k5gd8vb4qmpi0s0wx8xfqphmflhn-file-5.45-man
  /nix/store/g4y00mhvw56wpwixz7c29gpaj986zama-firewall-reload
  /nix/store/j3rizyngaypljlnc5fcxccq8dl3i782s-firewall-start
  /nix/store/gl4pjpgd780qp0yahx723h9l16cj1lv2-firmware
  /nix/store/n0ks57snkgda2mrfascpp9kqv6y3jb2h-flac-1.5.0-bin
  /nix/store/b5igjrilq2gg0rwpjqpbd5d9rx0l2m1i-flac-1.5.0-man
  /nix/store/b8xa0ncb4vr7pfz9zq06lnzqlf07yz6n-fmt-12.1.0
  /nix/store/rvnc1qy8cr3p8jgjp5ip26saj7q437xn-fmt-12.1.0
  /nix/store/a3wc55k40z6hjz7ppwhih71pivp239nc-freeglut-3.8.0
  /nix/store/fvdl4xg9mg0p969py589iql30p5in0j3-gamemode-1.8.2
  /nix/store/5w27k38cwqix2cy510nbvi40ny1lm83f-gamemode-1.8.2-lib
  /nix/store/g8yn6l5qi6697d5hshbdkk8v85z0cjjh-gamemode-1.8.2-lib
  /nix/store/p456nxad3slgsal4wf8vka8p7zz3gaw9-gamemode-1.8.2-man
  /nix/store/265wfxs04f33d975i7kp0ja6ksn6bb86-gamemode.ini
  /nix/store/ycb5w65dlqrc88bw7anvpznkjlgy98ii-gawk-5.4.0
  /nix/store/iwhfk0snrj6bkkxjp1lx7kbys11pn3lc-gdk-pixbuf-2.44.5
  /nix/store/v2cxhb77zfwk9zphrf5q62r89zsvgnyc-gdk-pixbuf-2.44.5-man
  /nix/store/drm3hgigwg5rdxzgjxhnh8vsdpb11ia7-getopt-1.1.6
  /nix/store/vclajlv05irbqx3rd66xndmndxzc3vpz-glew-1.10.0
  /nix/store/i8p87y8wi90nyn6c0zy4jgl2d28l08f6-glfw-3.4
  /nix/store/mf8hcjkpc4a28rqp1x00h213glmz0fpd-glfw-3.4
  /nix/store/1dlm34fdfmspb2ci2bci9kv0r8qan0mz-glib-2.86.3-bin
  /nix/store/1hbb1n022zyavs5iv25rswqipsd0k56h-glibc-2.42-61-bin
  /nix/store/lh5ljhh7xn7p3yy8blh0kjk14kni0zb7-glibc-locales-2.42-61
  /nix/store/32svam9sl1kzylcd2p7yyqf6paamn1nh-glibc-multi-2.42-61
  /nix/store/900ksaay8lzbwplrafcydj1w8xzy3n06-glibc-multi-2.42-61-bin
  /nix/store/5ilqrggrwi88yvq9mn0n7m8r9z0pnx31-glu-9.0.3
  /nix/store/7dxyq3sdw5k6ad9pwhyhwzp6y06nyrym-gnugrep-3.12
  /nix/store/pwxky8gbvi3nzfgx1fhz41c3wcaknz66-gnused-4.9
  /nix/store/bkmy9chqlqljpf2fa5i0sfl8qnv83dfm-gobject-introspection-1.86.0
  /nix/store/9cw44spxg6b5h0c1b0knpwmcx7s8fn1h-graphics-driver.conf
  /nix/store/gznn9mwxiaiy74j7p1bv75p9blga15vk-graphics-drivers
  /nix/store/lw6dv8q77rv7x9pffb1m3nsay2gicgr2-graphics-drivers-32bit
  /nix/store/zw93c2zp4rypksixhsql1afqlqi5mg1f-groupadd.pam
  /nix/store/acs3qrpqvw8bkybppkpz1jwx1j6wbmd2-groupdel.pam
  /nix/store/30v5jbl83prxbj4mlzxzdmz2spcq9wxs-groupmems.pam
  /nix/store/9zd2lsw9knx780sy35xxcyf92h7pzhsv-groupmod.pam
  /nix/store/k6nfx3frgrg2xqild89iv37gymj85fsy-gsettings-desktop-schemas-49.1
  /nix/store/2vnars959wqifbbkgpm9742r2k8j4a45-gstreamer-1.26.11-bin
  /nix/store/7fdlnr4dxg8npjvhkpdz19www8kaxhns-gtk+3-3.24.52
  /nix/store/br2fakxpqphq83mp0mnlmc37r1x34i13-hostname-debian-3.25
  /nix/store/q2xyy72kzg3a67ygv8hckhf1im16ziar-hostname-debian-3.25-man
  /nix/store/68fi5msy5g2s1xzdin90v0km59aaf1hp-hostname-hostname-debian-3.25
  /nix/store/jf1wzd9hvi821kdprj6ydlnlmkihsgjn-hosts
  /nix/store/pzsbqps1snjv2vqk2bkk9divnizpz525-hwdb.bin
  /nix/store/npkpsfhqxv7dgi4fvm6xz7fjb0dcp7g7-imlib2-1.12.6
  /nix/store/54qicxsmx1n8s3ri4l8rrdlxf59n7h2f-initrd-linux-6.18.28
  /nix/store/9dfbxkb4fll4fqk2fg8mkjk8p9sxk0n6-iptables-1.8.13
  /nix/store/n31id3l17npsijgjqk19c186hqaamnaw-iptables-1.8.13-lib
  /nix/store/77y4nwbgfpx08ifhpvsx3zk386rr0nzj-iputils-20250605
  /nix/store/2dix9m663r6pzlljqfij1zzfb2lsh8wp-jansson-2.15.0
  /nix/store/32dq8vy5gyfhyn4bjpfr1yipgcjw4fvj-jq-1.8.1
  /nix/store/yha26dj4dvmd4pd8yniw5aaalxq8za9g-jq-1.8.1-bin
  /nix/store/vp376q337fwanysf021mvjskl07npybz-json-glib-1.10.8
  /nix/store/qp2qzmh67rqy6i36sh3iqznk1akiw4q1-krb5-1.22.1
  /nix/store/c0al69dam0ylcm6zz99znaz5vl1amzyi-ldconfig
  /nix/store/q83yp1mfhbv2n8gr412z71vyv9xh7mn0-ldconfig
  /nix/store/2jvwfw43gvmv267bzjx13plpgrlpgpqn-libXNVCtrl-390.157
  /nix/store/4nd1w06mx6088fawapm48d8sf82g018z-libXNVCtrl-595.71.05
  /nix/store/2g8s3ly2q82grgm5fsp5y7j5zksqpvw9-libarchive-3.8.6
  /nix/store/iyfx2gvyq53liz2bl3whyvy3gb5c4108-libcaca-0.99.beta20-bin
  /nix/store/398zw3srybnig64skkx6mdlhbfhs9816-libcaca-0.99.beta20-man
  /nix/store/b7xbzxspvprpmzpvg2zbbhia1slikkcj-libdecor-0.2.5
  /nix/store/8742rlhygar00ad55pgl47y9732malhf-libdisplay-info-0.3.0
  /nix/store/mcwwk07srhdnbd34dl2p3ldzz6z8vx0f-libdrm-2.4.131-bin
  /nix/store/8jrgs6f2wj7kvycs4lr7p350mr043snp-libdrm-2.4.131-dev
  /nix/store/3garas3vciqnnmnq8fv8x7k13ysdinix-libedit-20251016-3.1
  /nix/store/1j76mv9rqa9k4ladkip71l2irf6xgp5z-libepoxy-1.5.10
  /nix/store/hjjayy1w7lz46qfkpzf3q0sz5hmfx8a0-libgcrypt-1.11.2-bin
  /nix/store/pf77c4qjdmvndn6hv13h71vy0rqv5ld4-libglvnd-1.7.0-dev
  /nix/store/h7ap6acxwhl4kb2qkss96k7akxy5cxxi-libgudev-238
  /nix/store/3jccc3i9vayh9zahmny4yrsjigfr2imh-libid3tag-0.16.4
  /nix/store/fs28j4gz1d8agqvlasmgpwwhhpl83szk-libidn-1.43
  /nix/store/4kdmnl88m9i2ykvwgkylxcwcmq3by3xy-libidn-1.43-bin
  /nix/store/ym95api2hvd3cfalbmy9b4h0qb030x71-libjpeg-turbo-3.1.4-man
  /nix/store/4rm6a7mkg96b2vw44k1r61rhj791asjm-libmbim-1.34.0
  /nix/store/lgyg41kqh501chx0990q16ffrylhgvm4-libmikmod-3.3.13
  /nix/store/akbd00z13ms5k2jdnyajh8rclb1594a0-libmikmod-3.3.13-man
  /nix/store/2b20gv6qf5qjv27xvng0fpzvy9xh44hr-libmnl-1.0.5
  /nix/store/i9zd4vbp94g6r1h9fd7d2ppkcipjbhss-libmpg123-1.33.4-man
  /nix/store/8g6s27qsp524sfywqc6f6b21m847brcf-libndp-1.9
  /nix/store/9bf68zd0wpaflip3r87h9vcmmk1lgfrk-libnetfilter_conntrack-1.1.1
  /nix/store/7ajj04v0glzw1yk50ammmm27q2k45ccb-libnfnetlink-1.0.2
  /nix/store/dqc4h7zwagpq7pzmnmk96x06vgj4wcpd-libnftnl-1.3.1
  /nix/store/rs8lva106swxkby8vg0ci4xq0z02r8fy-libnl-3.12.0
  /nix/store/n8r3c837xcl90q1qjv6hwihsq1h90wf6-libpcap-1.10.6-lib
  /nix/store/3inkskvnywc9akqafqc4rgrh0jvl9i48-libpng-1.2.59
  /nix/store/11fdaapv4dsy4g9ga5dfrh2rvb0m6fx1-libpng-1.2.59-man
  /nix/store/5xlq3iz7fxl7h6n6bsra0v5p06g4d9jn-libqmi-1.38.0
  /nix/store/904kq0mddmz4lpfx8z9pm6xqdkq36724-libqrtr-glib-1.2.2
  /nix/store/17paca6r6wn5rj7gkab8cwzqjsqw006c-libsoup-3.6.6
  /nix/store/4v6dfq2ynybg8arm4d03kgzg22qr66p4-libtiff-4.7.1-man
  /nix/store/71qaavw5w8vawiwn3k369v780vzxrcwj-libudev0-shim-1
  /nix/store/wzym3lc58pci2vd5xfcfg77aha53fn54-libudev0-shim-1
  /nix/store/27g2qh8klallsagygk4qwx5igrz2psam-libva-2.23.0
  /nix/store/svblj5lwi42na6grky5xp8rg4sq26f0z-libvpx-1.16.0-bin
  /nix/store/bdc6yiqvrwh7znmw6kxdf3vbhcvw8d6d-libx11-1.8.13-man
  /nix/store/wkkw8zlgwhqizr24f3k5psqakz85w4nc-libxcb-1.17.0-man
  /nix/store/hmwqwfb7sflmli4ggl4hkglpjcns1pvl-libxcb-keysyms-0.4.1
  /nix/store/z47jy71yimcfcbmf66ycgnmrp9fwwqvm-libxcomposite-0.4.7
  /nix/store/g4vjgpnay3dv4hkqrc0n3qbjjmxrf8w1-libxcrypt-4.5.2-man
  /nix/store/6gysah8w10bf3ngsf8sd2d5vz8kkzrmz-libxcursor-1.2.3
  /nix/store/j6y4mmswih0j9a9awr20h3s6b87fcnnh-libxdamage-1.1.7
  /nix/store/izv17kzb6v9f13r7xv5ypldq7al6xr2w-libxext-1.3.7-man
  /nix/store/dqbzv03filv579bip9xh2zk1jifisl8j-libxi-1.8.2-man
  /nix/store/25fydq8lfcq37fpcbv335libl3cpk5xg-libxinerama-1.1.6
  /nix/store/8gbiwya247yd0z6lf3n5yq74y58369a8-libxkbcommon-1.13.1
  /nix/store/s6km0hmq2anhc8nq2x84nrhd3jv99nkz-libxmp-4.7.0
  /nix/store/9nw6y1wfbrnhdmvgbqiywpdbwpqpbadi-libxrandr-1.5.5
  /nix/store/457xf5l9gmwd1pk46i05jrghi1llwka0-libxshmfence-1.3.3
  /nix/store/jdx1g2ia8jzy1ivp4sz9fhjk9dk9gc05-libxtst-1.2.5
  /nix/store/24gx8xjbk3b38h49lvcy8z6zna9yvm66-libxxf86vm-1.1.7
  /nix/store/whcv4cz4mvj0p13x1933b70qg2dylpky-lidEvent.sh
  /nix/store/dpf6km37jd2d7sd4j728hjjkqkwr4w5m-linux-6.18.28-modules
  /nix/store/vil3c3g4d4jkf1023n038b945drkcpx4-llvm-21.1.8-lib
  /nix/store/kg69k6xa5njpwd637mzv7jqw8d7p6qpi-lm-sensors-3.6.2
  /nix/store/gdbc4dr27hh7021k31b3myhlvbh3fbgd-lsb_release
  /nix/store/6i7c2za14j82n6jv2hmmmbhzyhmqi9lb-mangohud-0.8.3
  /nix/store/g41ba3lbbbvzdhiynicbbn6fiikk5dsa-mangohud-0.8.3
  /nix/store/bdh3s6r71kn9x46jsp5y42mbmh98siij-mangohud-0.8.3-man
  /nix/store/3jq1xh7ld6ps68fag94m3mjan08zcb1z-mesa-26.1.0
  /nix/store/qy1cvdqzb2vlm328nw181rdzw24j3zbz-mesa-libgbm-26.0.3
  /nix/store/z2vyvn8gmd3b4zrv0krrk6ybf69qijng-mobile-broadband-provider-info-20240407
  /nix/store/3dmrclp1slqqcygj1yvg77m59a4sz44p-modemmanager-1.24.2
  /nix/store/90wpm4n8lcd690h9yx1y0w38wh4cjdwz-networkmanager-1.56.0
  /nix/store/fjp59bnmvnq40yn44j4k68hzv1aynx7v-newt-0.52.24
  /nix/store/njg644n632fwfnxn7qbmcfim5j330n2n-nftables-1.1.6
  /nix/store/qxahc1qkjjiycg9s9fm3br1426n4jfpx-nixos-tmpfiles.d
  /nix/store/ydpnwfsnrjxjpscjiryvf0lyykz4zn1g-nixos.conf
  /nix/store/0820inkv9sd1gzh9a5dkiv3l5fh9x7q2-nss-3.112.3-man
  /nix/store/4aglh7hp95iiccnsj31xfh53prnwclrs-nvidia-egl-external-platforms
  /nix/store/r77b8jn42mgimc3vd7bkhw6klfd9nxjf-nvidia-egl-external-platforms-x32
  /nix/store/0vibc1qljhlbw9w7z54yfqa483dw2dxg-nvidia-open-595.71.05-6.18.28
  /nix/store/lbl1b410gcwhiy5dbym4bg5qkpn45cz5-nvidia-settings-595.71.05
  /nix/store/f8jdvw3pd3rljvk35lrni2pp10p61arc-nvidia-vaapi-driver-0.0.16
  /nix/store/rl7ypvsgi1ckcx5ax6zr550282ziwwsl-nvidia-x11-595.71.05
  /nix/store/hqcji8pvi9b1nfnimk1av85bij1q2i0q-nvidia-x11-595.71.05-bin
  /nix/store/7f7ql6hkyg956rdr10k8syqv24p9z50k-nvidia-x11-595.71.05-firmware
  /nix/store/inxf9msscgr3z1aciwp2536bc2sn77nr-nvidia-x11-595.71.05-lib32
  /nix/store/ky0hdwsllirhnl4a5lp3cc8ihxvx2dpn-oniguruma-6.9.10-lib
  /nix/store/kiv8s1irqkvr5ikv73hs4h5yjiywq34x-openresolv-3.17.0
  /nix/store/7c6zx5zywq6ndcbamp8mz4509z1kaaip-openssl-3.6.1-man
  /nix/store/yd0rqw3vg0azbm7c66xss2c8l36varyz-passwd.pam
  /nix/store/qzl3mln4i9j9340xzsccaxggh3w7lrw2-pciutils-3.14.0-man
  /nix/store/2c4aw28im1mla464m15vncz5ir1jxy35-perl-5.42.0
  /nix/store/xyjqrw27igbsb20nyv84s38p2l0cqbmd-perl5.42.0-Clone-0.46
  /nix/store/w7wxbflbfhhy5my3nck8aqilrhhs6s1n-perl5.42.0-Encode-Locale-1.05
  /nix/store/jcqkkydvxbwf9a2r3ybz0iq8rp19j3h0-perl5.42.0-File-BaseDir-0.09
  /nix/store/9qz6vadcyhd45dbc1bv5ag2mpxvwwj41-perl5.42.0-File-DesktopEntry-0.22
  /nix/store/ngkzp0whcs9fnk1f6gyvzy6yndh5shcz-perl5.42.0-File-Listing-6.16
  /nix/store/zk2p49j8v0b23bsdvx6z04x285g80glh-perl5.42.0-File-MimeInfo-0.33
  /nix/store/gr22vfbzmrh2cwh99mwks6pbpvw6y0sd-perl5.42.0-HTML-Parser-3.81
  /nix/store/nz19m7h4ah38mf0giw4v3kviff2sh6hl-perl5.42.0-HTML-Tagset-3.20
  /nix/store/lar4cv6n9nnxamxyjzmkkxvknsb2nnri-perl5.42.0-HTTP-CookieJar-0.014
  /nix/store/3f6a8bvx1n19cn52r3rkxv5hvgj38xwb-perl5.42.0-HTTP-Cookies-6.10
  /nix/store/adn1vky192ddg7zrk7cqfscrfv6yv50d-perl5.42.0-HTTP-Daemon-6.16
  /nix/store/15477ax6fn9151wwp4ylbmxhgwf0xg5z-perl5.42.0-HTTP-Date-6.06
  /nix/store/9vl2v1b82m1bz3w99war67szwkdp59z5-perl5.42.0-HTTP-Message-6.45
  /nix/store/1gh1lc9bsasg1qdjjap18pfiz2ansp2h-perl5.42.0-HTTP-Negotiate-6.01
  /nix/store/klnlnvbgdx1biszxx557cxz7ba0c1f87-perl5.42.0-IO-HTML-1.004
  /nix/store/01hksxv14a9g4gvgcqiaprbq8rfhi06p-perl5.42.0-IPC-System-Simple-1.30
  /nix/store/l40a1xh8yb8w9rvwdg0z6mdcjvpjs1xg-perl5.42.0-LWP-MediaTypes-6.04
  /nix/store/mlaqwrdvnragf6mfh1hiv7laqw65ifij-perl5.42.0-Net-DBus-1.2.0
  /nix/store/p6297qsb56l0v9x5xgf174xc6s44fn5f-perl5.42.0-Net-HTTP-6.23
  /nix/store/42q7gj75py4kg9wqlgvnada0bkgszb88-perl5.42.0-Test-Fatal-0.017
  /nix/store/3087q1kl3pfc85bpwrjqijwp1yb3d5di-perl5.42.0-Test-Needs-0.002010
  /nix/store/s8607q45xp0ak1sj8ib0zbzcmklzdl6b-perl5.42.0-Test-RequiresInternet-0.05
  /nix/store/wi69xx2jnnh34lcw4ph2456zal69mnxx-perl5.42.0-TimeDate-2.33
  /nix/store/27qr29fbf5s84m6jkxkjn5y2laccqfja-perl5.42.0-Try-Tiny-0.31
  /nix/store/si9i98mpmhvnvcc7xrzwz8wwczjzf4iz-perl5.42.0-URI-5.21
  /nix/store/xbk4ir4m5nzy6rs530grsml0257i6yki-perl5.42.0-WWW-RobotRules-6.02
  /nix/store/20dimc85hjmda5m25k6j43a7118m9n86-perl5.42.0-X11-Protocol-0.56
  /nix/store/62f97hlnb3xadxcgqryqm3jx6zl6hc6g-perl5.42.0-XML-Parser-2.46
  /nix/store/csg61nlscn3maksfpx63b7a9n6i8rjgx-perl5.42.0-XML-Twig-3.52
  /nix/store/a7q4cjjs9hgxprnj3qxd98qqfb9hzmz3-perl5.42.0-libwww-perl-6.72
  /nix/store/v29cilszbyydflj1b5ymn7j78afvismw-pkexec
  /nix/store/w8qk8q2a0vfi5k3zvb8g1cqhcng1f9c9-polkit-1.pam
  /nix/store/83swwcgn2c1brha4iqh6qqk7jacnzabi-polkit-127
  /nix/store/m7vzar3zvsa2ayhm0ibmx0mpa50gnl26-popt-1.19
  /nix/store/np0bzmb0q915l292kbw5g1qkqfy2hvgn-powerEvent.sh
  /nix/store/gsksav2nfymak1nrzp43hp9w32gvakkg-ppp-2.5.2
  /nix/store/1q345vjsdl34symj5fqgl1vwd3n38hrk-procps-4.0.6
  /nix/store/2h6fiprcvmmf5dy65g5smrzn0jds14mj-protonup-qt-2.14.0
  /nix/store/b0l5hm9v7khivvbvd19qkcal7n0ip1xy-protonup-qt-2.14.0-bwrap
  /nix/store/zgk4vz030p767i7v5ivy1pmpzq01mga6-protonup-qt-2.14.0-extracted
  /nix/store/p605fsb43pr6dv86vp1ipnswn6x0azk2-protonup-qt-2.14.0-fhsenv-profile
  /nix/store/4sss67k00fj4yi1glslk1xps9pj0dgs1-protonup-qt-2.14.0-fhsenv-rootfs
  /nix/store/rcir8r7k1062xhgcxgpvdgn8bk76i5i0-protonup-qt-2.14.0-init
  /nix/store/b2wm5ws7x72w1h3in0m2jai0cr6kr64y-pv-1.10.5
  /nix/store/qrl90pilfmb14i1cvibp3jlhk70vx9f1-runuser-l.pam
  /nix/store/6aqlxnd98nlhhkdjzpwfx1ghrv0r9q1p-runuser.pam
  /nix/store/rfi8fzh54kppsn1hqzqgg0n59i5b3gm9-security-wrapper-gamemoded-x86_64-unknown-linux-musl
  /nix/store/sbbaghnnp5cimh87k550fyz1san9vw85-set-environment
  /nix/store/0z1lihd1akaiq0ap86pz7av748779vjj-shared-mime-info-2.4
  /nix/store/r6azlbah8dawz09ija3rrhkkfppydnm1-slang-2.3.3
  /nix/store/bswnlnf2z7v9kmaigxr5q647iws7lr2r-spdlog-1.17.0
  /nix/store/j4ywsslf6mfvxp7xa5v4jwgzl7a1zw6j-spdlog-1.17.0
  /nix/store/hsdwnifr4iy4xq9bs2vhlld7r0n4xvmr-squashfs-4.7.5
  /nix/store/jl7fsvl1h6xvhj7par978jxbx7zz4n7q-sshd.pam
  /nix/store/yka6xynsiwfd10238vnqxj3v373s9clj-steam-1.0.0.85
  /nix/store/47878v30c6ya43dwyb8kx90cya96hpbb-steam-1.0.0.85-bwrap
  /nix/store/4l9qfkxmpdbqzzkcy260qk1c2qj0vbvi-steam-1.0.0.85-fhsenv-profile
  /nix/store/jlxaa2sya4f4pzpf3igivcygl30dm0g6-steam-1.0.0.85-fhsenv-rootfs
  /nix/store/rf8m48nc79lvyqnsh338ip9gh3wmi38c-steam-1.0.0.85-init
  /nix/store/idhs86jd2zmgkqmv1xq1pwpsnv6gm7p4-steam-run
  /nix/store/1i7prm07ik2r0wmzd608d88pccx4wkbv-steam-run-1.0.0.85
  /nix/store/gxhz6rdh5vyn1qwxnkzg1r6hhrv1kamq-steam-run-1.0.0.85-bwrap
  /nix/store/dwdc5l36h3ryvmcsprfwkmki0cjc78l2-steam-run-1.0.0.85-fhsenv-profile
  /nix/store/4agzbb0vwpgq7qip7nj96309736vy7qm-steam-run-1.0.0.85-fhsenv-rootfs
  /nix/store/vgn09iijppf7dvpshcra90kwbkjsb3s2-steam-run-1.0.0.85-init
  /nix/store/zbhjz851szpfsz2kk7fwakw8n6wlfzd9-steam-unwrapped-1.0.0.85
  /nix/store/q17m33p6zl19lgkrka933mn6prrz2n7g-steam-wrapped
  /nix/store/h5rdy0sw8gmnk44265bmlss2scr6x6jf-su.pam
  /nix/store/j9pqs4lxac5sa1l1szp7a9dnijsxdcd9-sudo.pam
  /nix/store/859mc8x9my1ya8q6kmaikd9wypdphj57-system-generators
  /nix/store/2f4nifpzvgfr89jzakbf68qdm6960xyb-system-path
  /nix/store/2i7hssjb4b22w1n0ch2aimpnnl4jdwiq-system-shutdown
  /nix/store/5kj53j0cp9c8j3s1l45d409zlx3p10yc-systemd-run0.pam
  /nix/store/nq867dcc0fc4mlcpg5yglcsc9svb1k83-systemd-user.pam
  /nix/store/9rnv9ay713pbarqq4i1rr3d5rfg93pch-timidity-2.15.0
  /nix/store/8pzgsp9vk5yqd8qdcz10dpy41qhlwy0s-tinysparql-3.10.1
  /nix/store/02pdp6g6k96014dymbjg8lc3hsy51cgs-tmpfiles.d
  /nix/store/jsbr0iip3ii5y367klrcfgd071n5yb2j-udev-rules
  /nix/store/jjr1pq27gqdaag00xjbhd37sa48lc1h5-unit-accounts-daemon.service
  /nix/store/c6q7wdxcr6mh42s5j908vx2kjqb0cqj4-unit-acpid.service
  /nix/store/hp5v0k38m3c1dqz99xwh66nnnp037vwj-unit-avahi-daemon.service
  /nix/store/hlya02ba9nxml7d4imhj9x1pyd30dmn8-unit-dbus-broker.service
  /nix/store/zgckirvfyqy3yzdxxmbxlfg9gz2kk580-unit-dbus-broker.service
  /nix/store/dn1idy73vgidhpa23r21v5zyi388m4zr-unit-firewall.service
  /nix/store/ifygppxq38wx4vagc71xjpxzajwrl7ym-unit-gamemoded.service
  /nix/store/jp35br8yyk28fz199ypr9c7h6kdnx9pv-unit-polkit.service
  /nix/store/jdljazyi7j0nq9nhi8rx1jvvj7lwwm93-unit-script-suid-sgid-wrappers-start
  /nix/store/p447p7d5j1ldf1im8wsrirs2ybxad7z0-unit-suid-sgid-wrappers.service
  /nix/store/472n0f4ghgsfww0h06zwcip4jlwvxhzx-unit-systemd-modules-load.service
  /nix/store/8pc45w06yzqaap0spxbv5rbndg5g7wgw-unit-systemd-tmpfiles-resetup.service
  /nix/store/7sygx2kc51a8dd2zp1qvmx9jjax64jlb-unit-systemd-udevd.service
  /nix/store/xffpdkj31fa7lm5ma9ywlaqyj54277pa-usbutils-019
  /nix/store/6jrqlm5a83gp2wrmv7q847rshsxq3zd8-usbutils-019-man
  /nix/store/6fpcy482rdll3fbi56hkpflgjy4hw2yz-user-generators
  /nix/store/gpqdnlzs6i8hq2l2md3ihbv1ymzp085w-user-units
  /nix/store/cmk4y9di1y5f6837gfvfjhhil9wwaghq-useradd.pam
  /nix/store/2li6h4jflva3794ys9zzf5chwpbdbgqi-userdel.pam
  /nix/store/4p1ajaz6macq36hm1f1n7bbwwimgjc3v-usermod.pam
  /nix/store/scn8bjfwdwq7na4q5w7d82l3vldhpq0h-users-groups.json
  /nix/store/bppf5avim76waz404if37qpfdb37prxr-util-linux-minimal-2.42-man
  /nix/store/i229ana5bwsyf2cji2xf9y3ddx8v7zic-vlock.pam
  /nix/store/1n09l0nmp1raavj9fnhpyv9m7cihm9rc-vscode-user-settings
  /nix/store/hnsfwmrqzmq6cipza5rvgjl1qvj0jcnf-wayland-1.24.0-man
  /nix/store/r25if10pqmvrz29blnflfhwk7j050xbz-which-2.23
  /nix/store/8lzjl2k2fw5l0z869lbfvqsgkqc82mvb-xdg-user-dirs-0.19
  /nix/store/hddj7hywpjnsnl4i6jmbnk1wf1mj17ws-xdg-user-dirs-0.19-lib
  /nix/store/j87759zpqgjfndp2vswjqslal58w8vmn-xdg-utils-1.2.1
  /nix/store/lm1dsadapzvbkbwddxr5w4ckxwl16l84-xkeyboard-config-2.47
  /nix/store/w3iqzw35scbnhspj1dyljslf4zfnikmx-xorg-locale
  /nix/store/5iy4xd3dn0aalw4dpnrb3xw96smqjvad-xrandr-1.5.3
copying path '/nix/store/q1rb4c4biydgxvz7jm68nwqk5gss6smc-ensure-all-wrappers-paths-exist' from 'https://espdesign.cachix.org'...
copying path '/nix/store/54qicxsmx1n8s3ri4l8rrdlxf59n7h2f-initrd-linux-6.18.28' from 'https://espdesign.cachix.org'...
copying path '/nix/store/p456nxad3slgsal4wf8vka8p7zz3gaw9-gamemode-1.8.2-man' from 'https://cache.nixos.org'...
copying path '/nix/store/0vibc1qljhlbw9w7z54yfqa483dw2dxg-nvidia-open-595.71.05-6.18.28' from 'https://cache.nixos.org'...
copying path '/nix/store/7f7ql6hkyg956rdr10k8syqv24p9z50k-nvidia-x11-595.71.05-firmware' from 'https://espdesign.cachix.org'...
copying path '/nix/store/scn8bjfwdwq7na4q5w7d82l3vldhpq0h-users-groups.json' from 'https://espdesign.cachix.org'...
copying path '/nix/store/yk0sjk33lpby50p7pwffjl28dlhjkw4n-etc-fstab' from 'https://espdesign.cachix.org'...
copying path '/nix/store/v3dw2g1z8xk9x5lmh20pbwxlawmqly4j-etc-hostname' from 'https://espdesign.cachix.org'...
copying path '/nix/store/6ygdai8jzhg181bi6c19vbfgi5qicf3f-etc-modprobe.d-nixos.conf' from 'https://espdesign.cachix.org'...
copying path '/nix/store/265wfxs04f33d975i7kp0ja6ksn6bb86-gamemode.ini' from 'https://espdesign.cachix.org'...
copying path '/nix/store/jf1wzd9hvi821kdprj6ydlnlmkihsgjn-hosts' from 'https://espdesign.cachix.org'...
copying path '/nix/store/pzsbqps1snjv2vqk2bkk9divnizpz525-hwdb.bin' from 'https://espdesign.cachix.org'...
copying path '/nix/store/ydpnwfsnrjxjpscjiryvf0lyykz4zn1g-nixos.conf' from 'https://espdesign.cachix.org'...
copying path '/nix/store/859mc8x9my1ya8q6kmaikd9wypdphj57-system-generators' from 'https://espdesign.cachix.org'...
copying path '/nix/store/2i7hssjb4b22w1n0ch2aimpnnl4jdwiq-system-shutdown' from 'https://espdesign.cachix.org'...
copying path '/nix/store/6fpcy482rdll3fbi56hkpflgjy4hw2yz-user-generators' from 'https://espdesign.cachix.org'...
building '/nix/store/j155zhk9h8m791qj9ssmfsfcjh6gjw73-hm_..zshrc.drv'...
copying path '/nix/store/vnnas35dig5d6xklj6hwqglkmdsxk5z9-SDL2_image-2.8.8' from 'https://cache.nixos.org'...
copying path '/nix/store/dhh69i7qdbyry0jbgf5vlqqvva8y07qz-SDL2_ttf-2.24.0' from 'https://cache.nixos.org'...
copying path '/nix/store/pg7hh0hgb17m762dm32325jcs6q7j5y6-acpid-2.0.34' from 'https://cache.nixos.org'...
copying path '/nix/store/8wmhcm8fchizqiq99wsarb402rdr3kmb-acEvent.sh' from 'https://cache.nixos.org'...
copying path '/nix/store/vzw1rbn696hb6dbwi55lrfrbcs543k7r-avahi-daemon.conf' from 'https://espdesign.cachix.org'...
copying path '/nix/store/lmhv22hrg4pivf6rw4vz3s5iq1llbq48-bash-interactive-5.3p9' from 'https://cache.nixos.org'...
copying path '/nix/store/xfq46ax3nx9prfmrpmai7hszfpssbs6r-bash-interactive-5.3p9' from 'https://cache.nixos.org'...
copying path '/nix/store/v6b6ygk2vyjky8smv6axq9yxyh9wgbh1-bash-interactive-5.3p9-man' from 'https://cache.nixos.org'...
copying path '/nix/store/69h6zwn5msaw860x3f043zglyx93ycm0-chpasswd.pam' from 'https://cache.nixos.org'...
copying path '/nix/store/a6y8s6ks97mvpbxiagh7sa4bam89dbnn-container-init' from 'https://cache.nixos.org'...
copying path '/nix/store/nla15v4hn476jhqdxnvbdk6hc54hmia7-chfn.pam' from 'https://cache.nixos.org'...
copying path '/nix/store/2zmb9d88lwjw35ic06392jbpm4hdk98q-cups-2.4.16-lib' from 'https://cache.nixos.org'...
copying path '/nix/store/97mss3fkxaf0aprk2bllqan9n8cix1sh-binutils-2.46-lib' from 'https://cache.nixos.org'...
copying path '/nix/store/8z05k2w6i2nl3pn5ibccxd3xwvy28qai-chsh.pam' from 'https://cache.nixos.org'...
copying path '/nix/store/cj5pzvyr4fdp1hb9jjykxhyhbfxifrxk-X-Restart-Triggers-systemd-modules-load' from 'https://espdesign.cachix.org'...
copying path '/nix/store/b9apmbkw9f7c92avp8hbfl1545p24b98-cups.pam' from 'https://cache.nixos.org'...
copying path '/nix/store/7m3gjql0ab9icnmi6gy4a40556lwhqjn-curl-8.19.0-bin' from 'https://cache.nixos.org'...
copying path '/nix/store/z9hjmzrnvmrfcm1ipc5dilv6q2ns2f9v-curl-8.19.0-bin' from 'https://cache.nixos.org'...
copying path '/nix/store/0jjd82lixs466kjfb4ffw9p29k7zlzin-curl-8.19.0-man' from 'https://cache.nixos.org'...
copying path '/nix/store/fj2zzd3ckx7vaiz9mp2q0h7b80nz9mib-dbus-1.16.2' from 'https://cache.nixos.org'...
copying path '/nix/store/lix5q9b04wipwy5ghljgfv8rc890w9p2-dbus-glib-0.114' from 'https://cache.nixos.org'...
copying path '/nix/store/q5frpfjiwnsqymgzsfgck5w13bf64aym-egl-gbm-1.1.3' from 'https://cache.nixos.org'...
copying path '/nix/store/7shbrnyqqsd7krls59csj1vc6qsi2zsz-egl-wayland-1.1.21' from 'https://cache.nixos.org'...
copying path '/nix/store/i3x02nk7kall5sj80h8jlaj68xfq47p0-egl-wayland-1.1.21' from 'https://espdesign.cachix.org'...
copying path '/nix/store/m7ygnx83kpjjxv6v3rnp2vfk8hqw33h0-dhcpcd-10.3.1' from 'https://cache.nixos.org'...
copying path '/nix/store/06mgxc4986id0rdndmqsz7b1621n40ka-egl-wayland2-1.0.1' from 'https://cache.nixos.org'...
copying path '/nix/store/bj09ir5r3s19l2cn991gn0zlkqrc7ih4-dry-activate' from 'https://espdesign.cachix.org'...
copying path '/nix/store/px951878xgjadzszh0si0jrx3w7iiwzh-duktape-2.7.0' from 'https://cache.nixos.org'...
copying path '/nix/store/1q7n2zv362dgyb2da5favqlispbm1icp-egl-x11-1.0.5' from 'https://cache.nixos.org'...
copying path '/nix/store/p2vkw5s89ff1fs2d2rxqxiqil9s0jpcm-binutils-2.46' from 'https://cache.nixos.org'...
copying path '/nix/store/8kjr9sj8rlwkn15p8viigvrya2v1sb3l-etc-zshrc' from 'https://espdesign.cachix.org'...
copying path '/nix/store/qpa88b2afz51x25hfnaczrzv17sgzh7k-fhsenv-ensure-gsettings-schemas-directory' from 'https://cache.nixos.org'...
copying path '/nix/store/j3rizyngaypljlnc5fcxccq8dl3i782s-firewall-start' from 'https://espdesign.cachix.org'...
copying path '/nix/store/rsp0k5gd8vb4qmpi0s0wx8xfqphmflhn-file-5.45-man' from 'https://cache.nixos.org'...
copying path '/nix/store/n0ks57snkgda2mrfascpp9kqv6y3jb2h-flac-1.5.0-bin' from 'https://cache.nixos.org'...
copying path '/nix/store/b5igjrilq2gg0rwpjqpbd5d9rx0l2m1i-flac-1.5.0-man' from 'https://cache.nixos.org'...
copying path '/nix/store/b8xa0ncb4vr7pfz9zq06lnzqlf07yz6n-fmt-12.1.0' from 'https://cache.nixos.org'...
copying path '/nix/store/rvnc1qy8cr3p8jgjp5ip26saj7q437xn-fmt-12.1.0' from 'https://cache.nixos.org'...
copying path '/nix/store/a3wc55k40z6hjz7ppwhih71pivp239nc-freeglut-3.8.0' from 'https://cache.nixos.org'...
copying path '/nix/store/5w27k38cwqix2cy510nbvi40ny1lm83f-gamemode-1.8.2-lib' from 'https://cache.nixos.org'...
copying path '/nix/store/g8yn6l5qi6697d5hshbdkk8v85z0cjjh-gamemode-1.8.2-lib' from 'https://cache.nixos.org'...
copying path '/nix/store/ycb5w65dlqrc88bw7anvpznkjlgy98ii-gawk-5.4.0' from 'https://cache.nixos.org'...
copying path '/nix/store/iwhfk0snrj6bkkxjp1lx7kbys11pn3lc-gdk-pixbuf-2.44.5' from 'https://cache.nixos.org'...
copying path '/nix/store/v2cxhb77zfwk9zphrf5q62r89zsvgnyc-gdk-pixbuf-2.44.5-man' from 'https://cache.nixos.org'...
copying path '/nix/store/drm3hgigwg5rdxzgjxhnh8vsdpb11ia7-getopt-1.1.6' from 'https://cache.nixos.org'...
copying path '/nix/store/vclajlv05irbqx3rd66xndmndxzc3vpz-glew-1.10.0' from 'https://cache.nixos.org'...
copying path '/nix/store/1dlm34fdfmspb2ci2bci9kv0r8qan0mz-glib-2.86.3-bin' from 'https://cache.nixos.org'...
copying path '/nix/store/mf8hcjkpc4a28rqp1x00h213glmz0fpd-glfw-3.4' from 'https://cache.nixos.org'...
copying path '/nix/store/1hbb1n022zyavs5iv25rswqipsd0k56h-glibc-2.42-61-bin' from 'https://cache.nixos.org'...
copying path '/nix/store/lh5ljhh7xn7p3yy8blh0kjk14kni0zb7-glibc-locales-2.42-61' from 'https://cache.nixos.org'...
copying path '/nix/store/fvdl4xg9mg0p969py589iql30p5in0j3-gamemode-1.8.2' from 'https://cache.nixos.org'...
copying path '/nix/store/32svam9sl1kzylcd2p7yyqf6paamn1nh-glibc-multi-2.42-61' from 'https://cache.nixos.org'...
copying path '/nix/store/5ilqrggrwi88yvq9mn0n7m8r9z0pnx31-glu-9.0.3' from 'https://cache.nixos.org'...
copying path '/nix/store/7dxyq3sdw5k6ad9pwhyhwzp6y06nyrym-gnugrep-3.12' from 'https://cache.nixos.org'...
copying path '/nix/store/pwxky8gbvi3nzfgx1fhz41c3wcaknz66-gnused-4.9' from 'https://cache.nixos.org'...
copying path '/nix/store/bkmy9chqlqljpf2fa5i0sfl8qnv83dfm-gobject-introspection-1.86.0' from 'https://cache.nixos.org'...
copying path '/nix/store/zw93c2zp4rypksixhsql1afqlqi5mg1f-groupadd.pam' from 'https://cache.nixos.org'...
copying path '/nix/store/acs3qrpqvw8bkybppkpz1jwx1j6wbmd2-groupdel.pam' from 'https://cache.nixos.org'...
copying path '/nix/store/30v5jbl83prxbj4mlzxzdmz2spcq9wxs-groupmems.pam' from 'https://cache.nixos.org'...
copying path '/nix/store/9zd2lsw9knx780sy35xxcyf92h7pzhsv-groupmod.pam' from 'https://cache.nixos.org'...
copying path '/nix/store/g4y00mhvw56wpwixz7c29gpaj986zama-firewall-reload' from 'https://espdesign.cachix.org'...
copying path '/nix/store/900ksaay8lzbwplrafcydj1w8xzy3n06-glibc-multi-2.42-61-bin' from 'https://cache.nixos.org'...
copying path '/nix/store/k6nfx3frgrg2xqild89iv37gymj85fsy-gsettings-desktop-schemas-49.1' from 'https://cache.nixos.org'...
copying path '/nix/store/2vnars959wqifbbkgpm9742r2k8j4a45-gstreamer-1.26.11-bin' from 'https://cache.nixos.org'...
copying path '/nix/store/br2fakxpqphq83mp0mnlmc37r1x34i13-hostname-debian-3.25' from 'https://cache.nixos.org'...
copying path '/nix/store/q2xyy72kzg3a67ygv8hckhf1im16ziar-hostname-debian-3.25-man' from 'https://cache.nixos.org'...
copying path '/nix/store/77y4nwbgfpx08ifhpvsx3zk386rr0nzj-iputils-20250605' from 'https://cache.nixos.org'...
copying path '/nix/store/vp376q337fwanysf021mvjskl07npybz-json-glib-1.10.8' from 'https://cache.nixos.org'...
copying path '/nix/store/qp2qzmh67rqy6i36sh3iqznk1akiw4q1-krb5-1.22.1' from 'https://cache.nixos.org'...
copying path '/nix/store/2dix9m663r6pzlljqfij1zzfb2lsh8wp-jansson-2.15.0' from 'https://cache.nixos.org'...
copying path '/nix/store/c0al69dam0ylcm6zz99znaz5vl1amzyi-ldconfig' from 'https://cache.nixos.org'...
copying path '/nix/store/q83yp1mfhbv2n8gr412z71vyv9xh7mn0-ldconfig' from 'https://cache.nixos.org'...
copying path '/nix/store/2jvwfw43gvmv267bzjx13plpgrlpgpqn-libXNVCtrl-390.157' from 'https://cache.nixos.org'...
copying path '/nix/store/68fi5msy5g2s1xzdin90v0km59aaf1hp-hostname-hostname-debian-3.25' from 'https://cache.nixos.org'...
copying path '/nix/store/398zw3srybnig64skkx6mdlhbfhs9816-libcaca-0.99.beta20-man' from 'https://cache.nixos.org'...
copying path '/nix/store/2g8s3ly2q82grgm5fsp5y7j5zksqpvw9-libarchive-3.8.6' from 'https://cache.nixos.org'...
copying path '/nix/store/4nd1w06mx6088fawapm48d8sf82g018z-libXNVCtrl-595.71.05' from 'https://cache.nixos.org'...
copying path '/nix/store/8742rlhygar00ad55pgl47y9732malhf-libdisplay-info-0.3.0' from 'https://cache.nixos.org'...
copying path '/nix/store/3garas3vciqnnmnq8fv8x7k13ysdinix-libedit-20251016-3.1' from 'https://cache.nixos.org'...
copying path '/nix/store/mcwwk07srhdnbd34dl2p3ldzz6z8vx0f-libdrm-2.4.131-bin' from 'https://cache.nixos.org'...
copying path '/nix/store/1j76mv9rqa9k4ladkip71l2irf6xgp5z-libepoxy-1.5.10' from 'https://cache.nixos.org'...
copying path '/nix/store/hjjayy1w7lz46qfkpzf3q0sz5hmfx8a0-libgcrypt-1.11.2-bin' from 'https://cache.nixos.org'...
copying path '/nix/store/pf77c4qjdmvndn6hv13h71vy0rqv5ld4-libglvnd-1.7.0-dev' from 'https://cache.nixos.org'...
copying path '/nix/store/3jccc3i9vayh9zahmny4yrsjigfr2imh-libid3tag-0.16.4' from 'https://cache.nixos.org'...
copying path '/nix/store/h7ap6acxwhl4kb2qkss96k7akxy5cxxi-libgudev-238' from 'https://cache.nixos.org'...
copying path '/nix/store/4kdmnl88m9i2ykvwgkylxcwcmq3by3xy-libidn-1.43-bin' from 'https://cache.nixos.org'...
copying path '/nix/store/fs28j4gz1d8agqvlasmgpwwhhpl83szk-libidn-1.43' from 'https://cache.nixos.org'...
copying path '/nix/store/ym95api2hvd3cfalbmy9b4h0qb030x71-libjpeg-turbo-3.1.4-man' from 'https://cache.nixos.org'...
copying path '/nix/store/4rm6a7mkg96b2vw44k1r61rhj791asjm-libmbim-1.34.0' from 'https://cache.nixos.org'...
copying path '/nix/store/akbd00z13ms5k2jdnyajh8rclb1594a0-libmikmod-3.3.13-man' from 'https://cache.nixos.org'...
copying path '/nix/store/lgyg41kqh501chx0990q16ffrylhgvm4-libmikmod-3.3.13' from 'https://cache.nixos.org'...
copying path '/nix/store/2b20gv6qf5qjv27xvng0fpzvy9xh44hr-libmnl-1.0.5' from 'https://cache.nixos.org'...
copying path '/nix/store/i9zd4vbp94g6r1h9fd7d2ppkcipjbhss-libmpg123-1.33.4-man' from 'https://cache.nixos.org'...
copying path '/nix/store/8g6s27qsp524sfywqc6f6b21m847brcf-libndp-1.9' from 'https://cache.nixos.org'...
copying path '/nix/store/npkpsfhqxv7dgi4fvm6xz7fjb0dcp7g7-imlib2-1.12.6' from 'https://cache.nixos.org'...
copying path '/nix/store/8jrgs6f2wj7kvycs4lr7p350mr043snp-libdrm-2.4.131-dev' from 'https://cache.nixos.org'...
copying path '/nix/store/7ajj04v0glzw1yk50ammmm27q2k45ccb-libnfnetlink-1.0.2' from 'https://cache.nixos.org'...
copying path '/nix/store/rs8lva106swxkby8vg0ci4xq0z02r8fy-libnl-3.12.0' from 'https://cache.nixos.org'...
copying path '/nix/store/3inkskvnywc9akqafqc4rgrh0jvl9i48-libpng-1.2.59' from 'https://cache.nixos.org'...
copying path '/nix/store/904kq0mddmz4lpfx8z9pm6xqdkq36724-libqrtr-glib-1.2.2' from 'https://cache.nixos.org'...
copying path '/nix/store/11fdaapv4dsy4g9ga5dfrh2rvb0m6fx1-libpng-1.2.59-man' from 'https://cache.nixos.org'...
copying path '/nix/store/17paca6r6wn5rj7gkab8cwzqjsqw006c-libsoup-3.6.6' from 'https://cache.nixos.org'...
copying path '/nix/store/d0cjss6qss6pdc13dgjmmvmq98q4mm04-ethtool-6.19' from 'https://cache.nixos.org'...
copying path '/nix/store/dqc4h7zwagpq7pzmnmk96x06vgj4wcpd-libnftnl-1.3.1' from 'https://cache.nixos.org'...
copying path '/nix/store/4v6dfq2ynybg8arm4d03kgzg22qr66p4-libtiff-4.7.1-man' from 'https://cache.nixos.org'...
copying path '/nix/store/9bf68zd0wpaflip3r87h9vcmmk1lgfrk-libnetfilter_conntrack-1.1.1' from 'https://cache.nixos.org'...
copying path '/nix/store/71qaavw5w8vawiwn3k369v780vzxrcwj-libudev0-shim-1' from 'https://cache.nixos.org'...
copying path '/nix/store/wzym3lc58pci2vd5xfcfg77aha53fn54-libudev0-shim-1' from 'https://cache.nixos.org'...
copying path '/nix/store/27g2qh8klallsagygk4qwx5igrz2psam-libva-2.23.0' from 'https://cache.nixos.org'...
copying path '/nix/store/svblj5lwi42na6grky5xp8rg4sq26f0z-libvpx-1.16.0-bin' from 'https://cache.nixos.org'...
copying path '/nix/store/bdc6yiqvrwh7znmw6kxdf3vbhcvw8d6d-libx11-1.8.13-man' from 'https://cache.nixos.org'...
copying path '/nix/store/wkkw8zlgwhqizr24f3k5psqakz85w4nc-libxcb-1.17.0-man' from 'https://cache.nixos.org'...
copying path '/nix/store/hmwqwfb7sflmli4ggl4hkglpjcns1pvl-libxcb-keysyms-0.4.1' from 'https://cache.nixos.org'...
copying path '/nix/store/5xlq3iz7fxl7h6n6bsra0v5p06g4d9jn-libqmi-1.38.0' from 'https://cache.nixos.org'...
copying path '/nix/store/z47jy71yimcfcbmf66ycgnmrp9fwwqvm-libxcomposite-0.4.7' from 'https://cache.nixos.org'...
copying path '/nix/store/n31id3l17npsijgjqk19c186hqaamnaw-iptables-1.8.13-lib' from 'https://cache.nixos.org'...
copying path '/nix/store/g4vjgpnay3dv4hkqrc0n3qbjjmxrf8w1-libxcrypt-4.5.2-man' from 'https://cache.nixos.org'...
copying path '/nix/store/iyfx2gvyq53liz2bl3whyvy3gb5c4108-libcaca-0.99.beta20-bin' from 'https://cache.nixos.org'...
copying path '/nix/store/n8r3c837xcl90q1qjv6hwihsq1h90wf6-libpcap-1.10.6-lib' from 'https://cache.nixos.org'...
copying path '/nix/store/6gysah8w10bf3ngsf8sd2d5vz8kkzrmz-libxcursor-1.2.3' from 'https://cache.nixos.org'...
copying path '/nix/store/j6y4mmswih0j9a9awr20h3s6b87fcnnh-libxdamage-1.1.7' from 'https://cache.nixos.org'...
copying path '/nix/store/izv17kzb6v9f13r7xv5ypldq7al6xr2w-libxext-1.3.7-man' from 'https://cache.nixos.org'...
copying path '/nix/store/dqbzv03filv579bip9xh2zk1jifisl8j-libxi-1.8.2-man' from 'https://cache.nixos.org'...
copying path '/nix/store/25fydq8lfcq37fpcbv335libl3cpk5xg-libxinerama-1.1.6' from 'https://cache.nixos.org'...
copying path '/nix/store/s6km0hmq2anhc8nq2x84nrhd3jv99nkz-libxmp-4.7.0' from 'https://cache.nixos.org'...
copying path '/nix/store/24gx8xjbk3b38h49lvcy8z6zna9yvm66-libxxf86vm-1.1.7' from 'https://cache.nixos.org'...
copying path '/nix/store/9nw6y1wfbrnhdmvgbqiywpdbwpqpbadi-libxrandr-1.5.5' from 'https://cache.nixos.org'...
copying path '/nix/store/457xf5l9gmwd1pk46i05jrghi1llwka0-libxshmfence-1.3.3' from 'https://cache.nixos.org'...
copying path '/nix/store/jdx1g2ia8jzy1ivp4sz9fhjk9dk9gc05-libxtst-1.2.5' from 'https://cache.nixos.org'...
copying path '/nix/store/whcv4cz4mvj0p13x1933b70qg2dylpky-lidEvent.sh' from 'https://cache.nixos.org'...
copying path '/nix/store/dpf6km37jd2d7sd4j728hjjkqkwr4w5m-linux-6.18.28-modules' from 'https://espdesign.cachix.org'...
copying path '/nix/store/vil3c3g4d4jkf1023n038b945drkcpx4-llvm-21.1.8-lib' from 'https://cache.nixos.org'...
copying path '/nix/store/kg69k6xa5njpwd637mzv7jqw8d7p6qpi-lm-sensors-3.6.2' from 'https://cache.nixos.org'...
copying path '/nix/store/gdbc4dr27hh7021k31b3myhlvbh3fbgd-lsb_release' from 'https://cache.nixos.org'...
copying path '/nix/store/bdh3s6r71kn9x46jsp5y42mbmh98siij-mangohud-0.8.3-man' from 'https://cache.nixos.org'...
copying path '/nix/store/qy1cvdqzb2vlm328nw181rdzw24j3zbz-mesa-libgbm-26.0.3' from 'https://cache.nixos.org'...
copying path '/nix/store/z2vyvn8gmd3b4zrv0krrk6ybf69qijng-mobile-broadband-provider-info-20240407' from 'https://cache.nixos.org'...
copying path '/nix/store/qxahc1qkjjiycg9s9fm3br1426n4jfpx-nixos-tmpfiles.d' from 'https://espdesign.cachix.org'...
copying path '/nix/store/s9l5mw4lgn70zxz8fhakxh6pvafrl8jd-at-spi2-core-2.58.3' from 'https://cache.nixos.org'...
copying path '/nix/store/9dfbxkb4fll4fqk2fg8mkjk8p9sxk0n6-iptables-1.8.13' from 'https://cache.nixos.org'...
copying path '/nix/store/njg644n632fwfnxn7qbmcfim5j330n2n-nftables-1.1.6' from 'https://cache.nixos.org'...
copying path '/nix/store/0820inkv9sd1gzh9a5dkiv3l5fh9x7q2-nss-3.112.3-man' from 'https://cache.nixos.org'...
copying path '/nix/store/4aglh7hp95iiccnsj31xfh53prnwclrs-nvidia-egl-external-platforms' from 'https://espdesign.cachix.org'...
copying path '/nix/store/f8jdvw3pd3rljvk35lrni2pp10p61arc-nvidia-vaapi-driver-0.0.16' from 'https://cache.nixos.org'...
copying path '/nix/store/rl7ypvsgi1ckcx5ax6zr550282ziwwsl-nvidia-x11-595.71.05' from 'https://espdesign.cachix.org'...
copying path '/nix/store/17ym6kz5a5bgzsydb6760pllr5g9npfd-egl-gbm-1.1.3' from 'https://espdesign.cachix.org'...
copying path '/nix/store/k9vmhb02070m27736zk1b5x11mr54k48-egl-wayland2-1.0.1' from 'https://espdesign.cachix.org'...
copying path '/nix/store/lfrm36aanhvbj9ll4inbba6zw7y7w9dv-egl-x11-1.0.5' from 'https://espdesign.cachix.org'...
copying path '/nix/store/inxf9msscgr3z1aciwp2536bc2sn77nr-nvidia-x11-595.71.05-lib32' from 'https://espdesign.cachix.org'...
copying path '/nix/store/w9nncfy3g2ikraljrv5rhy12zmvxz2m5-dnsmasq-2.92' from 'https://cache.nixos.org'...
copying path '/nix/store/ky0hdwsllirhnl4a5lp3cc8ihxvx2dpn-oniguruma-6.9.10-lib' from 'https://cache.nixos.org'...
copying path '/nix/store/kiv8s1irqkvr5ikv73hs4h5yjiywq34x-openresolv-3.17.0' from 'https://cache.nixos.org'...
copying path '/nix/store/7c6zx5zywq6ndcbamp8mz4509z1kaaip-openssl-3.6.1-man' from 'https://cache.nixos.org'...
copying path '/nix/store/yd0rqw3vg0azbm7c66xss2c8l36varyz-passwd.pam' from 'https://cache.nixos.org'...
copying path '/nix/store/qzl3mln4i9j9340xzsccaxggh3w7lrw2-pciutils-3.14.0-man' from 'https://cache.nixos.org'...
copying path '/nix/store/2c4aw28im1mla464m15vncz5ir1jxy35-perl-5.42.0' from 'https://cache.nixos.org'...
copying path '/nix/store/xyjqrw27igbsb20nyv84s38p2l0cqbmd-perl5.42.0-Clone-0.46' from 'https://cache.nixos.org'...
copying path '/nix/store/w7wxbflbfhhy5my3nck8aqilrhhs6s1n-perl5.42.0-Encode-Locale-1.05' from 'https://cache.nixos.org'...
copying path '/nix/store/klnlnvbgdx1biszxx557cxz7ba0c1f87-perl5.42.0-IO-HTML-1.004' from 'https://cache.nixos.org'...
copying path '/nix/store/01hksxv14a9g4gvgcqiaprbq8rfhi06p-perl5.42.0-IPC-System-Simple-1.30' from 'https://cache.nixos.org'...
copying path '/nix/store/nz19m7h4ah38mf0giw4v3kviff2sh6hl-perl5.42.0-HTML-Tagset-3.20' from 'https://cache.nixos.org'...
copying path '/nix/store/32dq8vy5gyfhyn4bjpfr1yipgcjw4fvj-jq-1.8.1' from 'https://cache.nixos.org'...
copying path '/nix/store/l40a1xh8yb8w9rvwdg0z6mdcjvpjs1xg-perl5.42.0-LWP-MediaTypes-6.04' from 'https://cache.nixos.org'...
copying path '/nix/store/3087q1kl3pfc85bpwrjqijwp1yb3d5di-perl5.42.0-Test-Needs-0.002010' from 'https://cache.nixos.org'...
copying path '/nix/store/s8607q45xp0ak1sj8ib0zbzcmklzdl6b-perl5.42.0-Test-RequiresInternet-0.05' from 'https://cache.nixos.org'...
copying path '/nix/store/r77b8jn42mgimc3vd7bkhw6klfd9nxjf-nvidia-egl-external-platforms-x32' from 'https://espdesign.cachix.org'...
copying path '/nix/store/wi69xx2jnnh34lcw4ph2456zal69mnxx-perl5.42.0-TimeDate-2.33' from 'https://cache.nixos.org'...
copying path '/nix/store/si9i98mpmhvnvcc7xrzwz8wwczjzf4iz-perl5.42.0-URI-5.21' from 'https://cache.nixos.org'...
copying path '/nix/store/27qr29fbf5s84m6jkxkjn5y2laccqfja-perl5.42.0-Try-Tiny-0.31' from 'https://cache.nixos.org'...
copying path '/nix/store/jcqkkydvxbwf9a2r3ybz0iq8rp19j3h0-perl5.42.0-File-BaseDir-0.09' from 'https://cache.nixos.org'...
copying path '/nix/store/v29cilszbyydflj1b5ymn7j78afvismw-pkexec' from 'https://espdesign.cachix.org'...
copying path '/nix/store/yha26dj4dvmd4pd8yniw5aaalxq8za9g-jq-1.8.1-bin' from 'https://cache.nixos.org'...
copying path '/nix/store/w8qk8q2a0vfi5k3zvb8g1cqhcng1f9c9-polkit-1.pam' from 'https://cache.nixos.org'...
copying path '/nix/store/83swwcgn2c1brha4iqh6qqk7jacnzabi-polkit-127' from 'https://cache.nixos.org'...
copying path '/nix/store/42q7gj75py4kg9wqlgvnada0bkgszb88-perl5.42.0-Test-Fatal-0.017' from 'https://cache.nixos.org'...
copying path '/nix/store/m7vzar3zvsa2ayhm0ibmx0mpa50gnl26-popt-1.19' from 'https://cache.nixos.org'...
copying path '/nix/store/15477ax6fn9151wwp4ylbmxhgwf0xg5z-perl5.42.0-HTTP-Date-6.06' from 'https://cache.nixos.org'...
copying path '/nix/store/9qz6vadcyhd45dbc1bv5ag2mpxvwwj41-perl5.42.0-File-DesktopEntry-0.22' from 'https://cache.nixos.org'...
copying path '/nix/store/p6297qsb56l0v9x5xgf174xc6s44fn5f-perl5.42.0-Net-HTTP-6.23' from 'https://cache.nixos.org'...
copying path '/nix/store/xbk4ir4m5nzy6rs530grsml0257i6yki-perl5.42.0-WWW-RobotRules-6.02' from 'https://cache.nixos.org'...
copying path '/nix/store/ngkzp0whcs9fnk1f6gyvzy6yndh5shcz-perl5.42.0-File-Listing-6.16' from 'https://cache.nixos.org'...
copying path '/nix/store/lar4cv6n9nnxamxyjzmkkxvknsb2nnri-perl5.42.0-HTTP-CookieJar-0.014' from 'https://cache.nixos.org'...
copying path '/nix/store/9vl2v1b82m1bz3w99war67szwkdp59z5-perl5.42.0-HTTP-Message-6.45' from 'https://cache.nixos.org'...
copying path '/nix/store/np0bzmb0q915l292kbw5g1qkqfy2hvgn-powerEvent.sh' from 'https://cache.nixos.org'...
copying path '/nix/store/gsksav2nfymak1nrzp43hp9w32gvakkg-ppp-2.5.2' from 'https://cache.nixos.org'...
copying path '/nix/store/1q345vjsdl34symj5fqgl1vwd3n38hrk-procps-4.0.6' from 'https://cache.nixos.org'...
copying path '/nix/store/b2wm5ws7x72w1h3in0m2jai0cr6kr64y-pv-1.10.5' from 'https://cache.nixos.org'...
copying path '/nix/store/09ja1ff8p1k7vrq1bc78jbcpjzjr2in0-acpi-events' from 'https://cache.nixos.org'...
copying path '/nix/store/zgk4vz030p767i7v5ivy1pmpzq01mga6-protonup-qt-2.14.0-extracted' from 'https://cache.nixos.org'...
copying path '/nix/store/p605fsb43pr6dv86vp1ipnswn6x0azk2-protonup-qt-2.14.0-fhsenv-profile' from 'https://cache.nixos.org'...
copying path '/nix/store/qrl90pilfmb14i1cvibp3jlhk70vx9f1-runuser-l.pam' from 'https://cache.nixos.org'...
copying path '/nix/store/6aqlxnd98nlhhkdjzpwfx1ghrv0r9q1p-runuser.pam' from 'https://cache.nixos.org'...
copying path '/nix/store/gr22vfbzmrh2cwh99mwks6pbpvw6y0sd-perl5.42.0-HTML-Parser-3.81' from 'https://cache.nixos.org'...
copying path '/nix/store/gl4pjpgd780qp0yahx723h9l16cj1lv2-firmware' from 'https://espdesign.cachix.org'...
copying path '/nix/store/3f6a8bvx1n19cn52r3rkxv5hvgj38xwb-perl5.42.0-HTTP-Cookies-6.10' from 'https://cache.nixos.org'...
copying path '/nix/store/adn1vky192ddg7zrk7cqfscrfv6yv50d-perl5.42.0-HTTP-Daemon-6.16' from 'https://cache.nixos.org'...
copying path '/nix/store/1gh1lc9bsasg1qdjjap18pfiz2ansp2h-perl5.42.0-HTTP-Negotiate-6.01' from 'https://cache.nixos.org'...
copying path '/nix/store/rfi8fzh54kppsn1hqzqgg0n59i5b3gm9-security-wrapper-gamemoded-x86_64-unknown-linux-musl' from 'https://espdesign.cachix.org'...
copying path '/nix/store/0z1lihd1akaiq0ap86pz7av748779vjj-shared-mime-info-2.4' from 'https://cache.nixos.org'...
copying path '/nix/store/r6azlbah8dawz09ija3rrhkkfppydnm1-slang-2.3.3' from 'https://cache.nixos.org'...
copying path '/nix/store/bswnlnf2z7v9kmaigxr5q647iws7lr2r-spdlog-1.17.0' from 'https://cache.nixos.org'...
copying path '/nix/store/j4ywsslf6mfvxp7xa5v4jwgzl7a1zw6j-spdlog-1.17.0' from 'https://cache.nixos.org'...
copying path '/nix/store/hsdwnifr4iy4xq9bs2vhlld7r0n4xvmr-squashfs-4.7.5' from 'https://cache.nixos.org'...
copying path '/nix/store/jl7fsvl1h6xvhj7par978jxbx7zz4n7q-sshd.pam' from 'https://espdesign.cachix.org'...
warning: download buffer is full; consider increasing the 'download-buffer-size' setting
copying path '/nix/store/4l9qfkxmpdbqzzkcy260qk1c2qj0vbvi-steam-1.0.0.85-fhsenv-profile' from 'https://espdesign.cachix.org'...
copying path '/nix/store/3dmrclp1slqqcygj1yvg77m59a4sz44p-modemmanager-1.24.2' from 'https://cache.nixos.org'...
copying path '/nix/store/idhs86jd2zmgkqmv1xq1pwpsnv6gm7p4-steam-run' from 'https://cache.nixos.org'...
copying path '/nix/store/dwdc5l36h3ryvmcsprfwkmki0cjc78l2-steam-run-1.0.0.85-fhsenv-profile' from 'https://cache.nixos.org'...
copying path '/nix/store/zbhjz851szpfsz2kk7fwakw8n6wlfzd9-steam-unwrapped-1.0.0.85' from 'https://espdesign.cachix.org'...
copying path '/nix/store/q17m33p6zl19lgkrka933mn6prrz2n7g-steam-wrapped' from 'https://espdesign.cachix.org'...
copying path '/nix/store/8cil56a1qzc5cqr53yiq4x0ip5fgxiq5-boot.json' from 'https://espdesign.cachix.org'...
copying path '/nix/store/6mppwway0fq83n2dnqrr0scjl4fjbsz2-etc-modprobe.d-firmware.conf' from 'https://espdesign.cachix.org'...
copying path '/nix/store/av4231xnd8jn290gadvnzrv71nixvzl3-appimage-exec.sh' from 'https://cache.nixos.org'...
copying path '/nix/store/fjp59bnmvnq40yn44j4k68hzv1aynx7v-newt-0.52.24' from 'https://cache.nixos.org'...
copying path '/nix/store/h5rdy0sw8gmnk44265bmlss2scr6x6jf-su.pam' from 'https://cache.nixos.org'...
copying path '/nix/store/vgn09iijppf7dvpshcra90kwbkjsb3s2-steam-run-1.0.0.85-init' from 'https://cache.nixos.org'...
copying path '/nix/store/j9pqs4lxac5sa1l1szp7a9dnijsxdcd9-sudo.pam' from 'https://cache.nixos.org'...
copying path '/nix/store/5kj53j0cp9c8j3s1l45d409zlx3p10yc-systemd-run0.pam' from 'https://cache.nixos.org'...
copying path '/nix/store/nq867dcc0fc4mlcpg5yglcsc9svb1k83-systemd-user.pam' from 'https://cache.nixos.org'...
copying path '/nix/store/rf8m48nc79lvyqnsh338ip9gh3wmi38c-steam-1.0.0.85-init' from 'https://espdesign.cachix.org'...
copying path '/nix/store/9rnv9ay713pbarqq4i1rr3d5rfg93pch-timidity-2.15.0' from 'https://cache.nixos.org'...
copying path '/nix/store/8pzgsp9vk5yqd8qdcz10dpy41qhlwy0s-tinysparql-3.10.1' from 'https://cache.nixos.org'...
copying path '/nix/store/jsbr0iip3ii5y367klrcfgd071n5yb2j-udev-rules' from 'https://espdesign.cachix.org'...
copying path '/nix/store/c6q7wdxcr6mh42s5j908vx2kjqb0cqj4-unit-acpid.service' from 'https://cache.nixos.org'...
copying path '/nix/store/hp5v0k38m3c1dqz99xwh66nnnp037vwj-unit-avahi-daemon.service' from 'https://espdesign.cachix.org'...
copying path '/nix/store/dn1idy73vgidhpa23r21v5zyi388m4zr-unit-firewall.service' from 'https://espdesign.cachix.org'...
copying path '/nix/store/ifygppxq38wx4vagc71xjpxzajwrl7ym-unit-gamemoded.service' from 'https://espdesign.cachix.org'...
copying path '/nix/store/zk2p49j8v0b23bsdvx6z04x285g80glh-perl5.42.0-File-MimeInfo-0.33' from 'https://cache.nixos.org'...
copying path '/nix/store/20dimc85hjmda5m25k6j43a7118m9n86-perl5.42.0-X11-Protocol-0.56' from 'https://cache.nixos.org'...
copying path '/nix/store/90wpm4n8lcd690h9yx1y0w38wh4cjdwz-networkmanager-1.56.0' from 'https://cache.nixos.org'...
copying path '/nix/store/a7q4cjjs9hgxprnj3qxd98qqfb9hzmz3-perl5.42.0-libwww-perl-6.72' from 'https://cache.nixos.org'...
copying path '/nix/store/jdljazyi7j0nq9nhi8rx1jvvj7lwwm93-unit-script-suid-sgid-wrappers-start' from 'https://espdesign.cachix.org'...
copying path '/nix/store/472n0f4ghgsfww0h06zwcip4jlwvxhzx-unit-systemd-modules-load.service' from 'https://espdesign.cachix.org'...
copying path '/nix/store/5cwx256kiqirgh5jzx221kacy3a28yqh-X-Restart-Triggers-systemd-udevd' from 'https://espdesign.cachix.org'...
copying path '/nix/store/xffpdkj31fa7lm5ma9ywlaqyj54277pa-usbutils-019' from 'https://cache.nixos.org'...
copying path '/nix/store/cmk4y9di1y5f6837gfvfjhhil9wwaghq-useradd.pam' from 'https://cache.nixos.org'...
copying path '/nix/store/6jrqlm5a83gp2wrmv7q847rshsxq3zd8-usbutils-019-man' from 'https://cache.nixos.org'...
copying path '/nix/store/2li6h4jflva3794ys9zzf5chwpbdbgqi-userdel.pam' from 'https://cache.nixos.org'...
copying path '/nix/store/4p1ajaz6macq36hm1f1n7bbwwimgjc3v-usermod.pam' from 'https://cache.nixos.org'...
copying path '/nix/store/62f97hlnb3xadxcgqryqm3jx6zl6hc6g-perl5.42.0-XML-Parser-2.46' from 'https://cache.nixos.org'...
copying path '/nix/store/bppf5avim76waz404if37qpfdb37prxr-util-linux-minimal-2.42-man' from 'https://cache.nixos.org'...
copying path '/nix/store/i229ana5bwsyf2cji2xf9y3ddx8v7zic-vlock.pam' from 'https://cache.nixos.org'...
copying path '/nix/store/p447p7d5j1ldf1im8wsrirs2ybxad7z0-unit-suid-sgid-wrappers.service' from 'https://espdesign.cachix.org'...
copying path '/nix/store/1n09l0nmp1raavj9fnhpyv9m7cihm9rc-vscode-user-settings' from 'https://espdesign.cachix.org'...
copying path '/nix/store/hnsfwmrqzmq6cipza5rvgjl1qvj0jcnf-wayland-1.24.0-man' from 'https://cache.nixos.org'...
copying path '/nix/store/7sygx2kc51a8dd2zp1qvmx9jjax64jlb-unit-systemd-udevd.service' from 'https://espdesign.cachix.org'...
copying path '/nix/store/r25if10pqmvrz29blnflfhwk7j050xbz-which-2.23' from 'https://cache.nixos.org'...
copying path '/nix/store/hddj7hywpjnsnl4i6jmbnk1wf1mj17ws-xdg-user-dirs-0.19-lib' from 'https://cache.nixos.org'...
copying path '/nix/store/lm1dsadapzvbkbwddxr5w4ckxwl16l84-xkeyboard-config-2.47' from 'https://cache.nixos.org'...
copying path '/nix/store/csg61nlscn3maksfpx63b7a9n6i8rjgx-perl5.42.0-XML-Twig-3.52' from 'https://cache.nixos.org'...
copying path '/nix/store/w3iqzw35scbnhspj1dyljslf4zfnikmx-xorg-locale' from 'https://cache.nixos.org'...
copying path '/nix/store/5iy4xd3dn0aalw4dpnrb3xw96smqjvad-xrandr-1.5.3' from 'https://cache.nixos.org'...
copying path '/nix/store/8lzjl2k2fw5l0z869lbfvqsgkqc82mvb-xdg-user-dirs-0.19' from 'https://cache.nixos.org'...
copying path '/nix/store/mlaqwrdvnragf6mfh1hiv7laqw65ifij-perl5.42.0-Net-DBus-1.2.0' from 'https://cache.nixos.org'...
copying path '/nix/store/hpxbjszw3mqj35kzpzm9dahw864y5h0w-SDL2_mixer-2.8.1' from 'https://cache.nixos.org'...
copying path '/nix/store/j87759zpqgjfndp2vswjqslal58w8vmn-xdg-utils-1.2.1' from 'https://cache.nixos.org'...
copying path '/nix/store/8gbiwya247yd0z6lf3n5yq74y58369a8-libxkbcommon-1.13.1' from 'https://cache.nixos.org'...
copying path '/nix/store/7fdlnr4dxg8npjvhkpdz19www8kaxhns-gtk+3-3.24.52' from 'https://cache.nixos.org'...
copying path '/nix/store/4sss67k00fj4yi1glslk1xps9pj0dgs1-protonup-qt-2.14.0-fhsenv-rootfs' from 'https://cache.nixos.org'...
copying path '/nix/store/b7xbzxspvprpmzpvg2zbbhia1slikkcj-libdecor-0.2.5' from 'https://cache.nixos.org'...
copying path '/nix/store/i8p87y8wi90nyn6c0zy4jgl2d28l08f6-glfw-3.4' from 'https://cache.nixos.org'...
copying path '/nix/store/6i7c2za14j82n6jv2hmmmbhzyhmqi9lb-mangohud-0.8.3' from 'https://cache.nixos.org'...
copying path '/nix/store/g41ba3lbbbvzdhiynicbbn6fiikk5dsa-mangohud-0.8.3' from 'https://cache.nixos.org'...
copying path '/nix/store/gznn9mwxiaiy74j7p1bv75p9blga15vk-graphics-drivers' from 'https://espdesign.cachix.org'...
copying path '/nix/store/hqcji8pvi9b1nfnimk1av85bij1q2i0q-nvidia-x11-595.71.05-bin' from 'https://espdesign.cachix.org'...
copying path '/nix/store/lbl1b410gcwhiy5dbym4bg5qkpn45cz5-nvidia-settings-595.71.05' from 'https://espdesign.cachix.org'...
copying path '/nix/store/rcir8r7k1062xhgcxgpvdgn8bk76i5i0-protonup-qt-2.14.0-init' from 'https://cache.nixos.org'...
copying path '/nix/store/b0l5hm9v7khivvbvd19qkcal7n0ip1xy-protonup-qt-2.14.0-bwrap' from 'https://cache.nixos.org'...
copying path '/nix/store/2h6fiprcvmmf5dy65g5smrzn0jds14mj-protonup-qt-2.14.0' from 'https://cache.nixos.org'...
building '/nix/store/zfziqs62wayz58ys5bgwap7l1xdmaca7-home-manager-path.drv'...
building '/nix/store/7x9l62309jpv2l3cc2d7pmcfjklnb6z6-hm_fontconfigconf.d10hmfonts.conf.drv'...
building '/nix/store/c4zilx5199z3bv9lc6w8gd3mipiscj4m-user-environment.drv'...
building '/nix/store/g18npi8wkp3v5y955w907lv7a4irl3mw-home-manager-files.drv'...
building '/nix/store/n71z0i07wm8g1k0pr0600xxafi9plxar-home-manager-generation.drv'...
copying path '/nix/store/3jq1xh7ld6ps68fag94m3mjan08zcb1z-mesa-26.1.0' from 'https://cache.nixos.org'...
building '/nix/store/kqsbfxl10gffzq19wskjzl6pm0a2zdii-unit-home-manager-espdesign.service.drv'...
copying path '/nix/store/lw6dv8q77rv7x9pffb1m3nsay2gicgr2-graphics-drivers-32bit' from 'https://espdesign.cachix.org'...
copying path '/nix/store/jlxaa2sya4f4pzpf3igivcygl30dm0g6-steam-1.0.0.85-fhsenv-rootfs' from 'https://espdesign.cachix.org'...
copying path '/nix/store/4agzbb0vwpgq7qip7nj96309736vy7qm-steam-run-1.0.0.85-fhsenv-rootfs' from 'https://espdesign.cachix.org'...
copying path '/nix/store/9cw44spxg6b5h0c1b0knpwmcx7s8fn1h-graphics-driver.conf' from 'https://espdesign.cachix.org'...
copying path '/nix/store/02pdp6g6k96014dymbjg8lc3hsy51cgs-tmpfiles.d' from 'https://espdesign.cachix.org'...
copying path '/nix/store/53aqk02bkj3c6mj94cb7n374yz5wcnfd-X-Restart-Triggers-systemd-tmpfiles-resetup' from 'https://espdesign.cachix.org'...
copying path '/nix/store/8pc45w06yzqaap0spxbv5rbndg5g7wgw-unit-systemd-tmpfiles-resetup.service' from 'https://espdesign.cachix.org'...
copying path '/nix/store/gxhz6rdh5vyn1qwxnkzg1r6hhrv1kamq-steam-run-1.0.0.85-bwrap' from 'https://espdesign.cachix.org'...
copying path '/nix/store/47878v30c6ya43dwyb8kx90cya96hpbb-steam-1.0.0.85-bwrap' from 'https://espdesign.cachix.org'...
copying path '/nix/store/1i7prm07ik2r0wmzd608d88pccx4wkbv-steam-run-1.0.0.85' from 'https://espdesign.cachix.org'...
copying path '/nix/store/yka6xynsiwfd10238vnqxj3v373s9clj-steam-1.0.0.85' from 'https://espdesign.cachix.org'...
copying path '/nix/store/2f4nifpzvgfr89jzakbf68qdm6960xyb-system-path' from 'https://espdesign.cachix.org'...
copying path '/nix/store/sgb9bsfl481n6kicpgkfxc6y057ml034-X-Restart-Triggers-polkit' from 'https://espdesign.cachix.org'...
copying path '/nix/store/k7vwnjl6abzy4daccfpnfpmyywc8ljph-dbus-1' from 'https://espdesign.cachix.org'...
copying path '/nix/store/k95lm78f96lg906vclpcwk86rb73629s-etc-pam-environment' from 'https://espdesign.cachix.org'...
copying path '/nix/store/sbbaghnnp5cimh87k550fyz1san9vw85-set-environment' from 'https://espdesign.cachix.org'...
copying path '/nix/store/jjr1pq27gqdaag00xjbhd37sa48lc1h5-unit-accounts-daemon.service' from 'https://espdesign.cachix.org'...
copying path '/nix/store/jp35br8yyk28fz199ypr9c7h6kdnx9pv-unit-polkit.service' from 'https://espdesign.cachix.org'...
copying path '/nix/store/w7bkd2a9py6bdwmnwnsd3jldc8a6ji3r-etc-profile' from 'https://espdesign.cachix.org'...
copying path '/nix/store/dnaw9digrl6fq1ndjbpd89d9mm1slwhd-etc-zshenv' from 'https://espdesign.cachix.org'...
copying path '/nix/store/3lsy9a5gsvpxw25zkmz7gqpv483h8y92-X-Restart-Triggers-dbus-broker' from 'https://espdesign.cachix.org'...
copying path '/nix/store/hlya02ba9nxml7d4imhj9x1pyd30dmn8-unit-dbus-broker.service' from 'https://espdesign.cachix.org'...
copying path '/nix/store/zgckirvfyqy3yzdxxmbxlfg9gz2kk580-unit-dbus-broker.service' from 'https://espdesign.cachix.org'...
building '/nix/store/x98nfbq7wn5z798slzfxr64bzjyi5j8r-system-units.drv'...
copying path '/nix/store/gpqdnlzs6i8hq2l2md3ihbv1ymzp085w-user-units' from 'https://espdesign.cachix.org'...
building '/nix/store/4h2gg62znmimim2zxmxwcvlb95c525zx-etc.drv'...
building '/nix/store/iggca9sd391fd5nl1snzqmbmdwha7pgb-activate.drv'...
building '/nix/store/cyjmxh8jnwk16v8gfrjf2kcz649qc00q-nixos-system-kitava-26.05.20260511.c6e5ca3.drv'...
